<html>
<body>
<pre>
<h1>µVision Build Log</h1>
<h2>Tool Versions:</h2>
IDE-Version: µVision V5.33.0.0
Copyright (C) 2020 ARM Ltd and ARM Germany GmbH. All rights reserved.
License Information: Stefano Lucchesini, PoliMi, LIC=----
 
Tool Versions:
Toolchain:       MDK-Lite  Version: 5.33.0.0
Toolchain Path:  C:\Keil_v5\ARM\ARMCC\Bin
C Compiler:      Armcc.exe V5.06 update 7 (build 960)
Assembler:       Armasm.exe V5.06 update 7 (build 960)
Linker/Locator:  ArmLink.exe V5.06 update 7 (build 960)
Library Manager: ArmAr.exe V5.06 update 7 (build 960)
Hex Converter:   FromElf.exe V5.06 update 7 (build 960)
CPU DLL:         
Dialog DLL:      
Target DLL:      Segger\JL2CM3.dll V2.99.38.0
Dialog DLL:      TCM.DLL V1.48.0.0
 
<h2>Project:</h2>
C:\Users\Stefano\Desktop\FILE_TESISTI\nRF5_SDK_14.2.0_17b948a\examples\dfu\bootloader_secure_ble\pca10040_debug\arm5_no_packs\secure_dfu_ble_s132_pca10040_debug.uvprojx
Project File Date:  03/06/2021

<h2>Output:</h2>
*** Using Compiler 'V5.06 update 7 (build 960)', folder: 'C:\Keil_v5\ARM\ARMCC\Bin'
Rebuild target 'nrf52832_xxaa_s132'
compiling public_key.c...
compiling dfu-cc.pb.c...
compiling dfu_req_handling.c...
..\config\sdk_config.h(687): error:  #169: expected a declaration
..\config\sdk_config.h(687): error:  #10: "#" not expected here
..\..\..\..\..\components\libraries\util\sdk_errors.h(157): warning:  #12-D: parsing restarts here after previous syntax error
  typedef uint32_t ret_code_t;
..\..\..\..\..\components\libraries\util\app_error.h(107): error:  #20: identifier "ret_code_t" is undefined
  void app_error_handler_bare(ret_code_t error_code);
..\..\..\..\..\components\libraries\fstorage\nrf_fstorage.h(100): error:  #20: identifier "ret_code_t" is undefined
      ret_code_t              result;     //!< Result of the operation.
..\..\..\..\..\components\libraries\fstorage\nrf_fstorage.h(171): error:  #79: expected a type specifier
      ret_code_t (*init)(nrf_fstorage_t * p_fs, void * p_param);
..\..\..\..\..\components\libraries\fstorage\nrf_fstorage.h(171): error:  #90: function returning function is not allowed
      ret_code_t (*init)(nrf_fstorage_t * p_fs, void * p_param);
..\..\..\..\..\components\libraries\fstorage\nrf_fstorage.h(171): error:  #168: a function type is not allowed here
      ret_code_t (*init)(nrf_fstorage_t * p_fs, void * p_param);
..\..\..\..\..\components\libraries\fstorage\nrf_fstorage.h(173): error:  #79: expected a type specifier
      ret_code_t (*uninit)(nrf_fstorage_t * p_fs, void * p_param);
..\..\..\..\..\components\libraries\fstorage\nrf_fstorage.h(173): error:  #90: function returning function is not allowed
      ret_code_t (*uninit)(nrf_fstorage_t * p_fs, void * p_param);
..\..\..\..\..\components\libraries\fstorage\nrf_fstorage.h(173): error:  #168: a function type is not allowed here
      ret_code_t (*uninit)(nrf_fstorage_t * p_fs, void * p_param);
..\..\..\..\..\components\libraries\fstorage\nrf_fstorage.h(173): error:  #101: "ret_code_t" has already been declared in the current scope
      ret_code_t (*uninit)(nrf_fstorage_t * p_fs, void * p_param);
..\..\..\..\..\components\libraries\fstorage\nrf_fstorage.h(175): error:  #79: expected a type specifier
      ret_code_t (*read)(nrf_fstorage_t const * p_fs, uint32_t src, void * p_dest, uint32_t len);
..\..\..\..\..\components\libraries\fstorage\nrf_fstorage.h(175): error:  #90: function returning function is not allowed
      ret_code_t (*read)(nrf_fstorage_t const * p_fs, uint32_t src, void * p_dest, uint32_t len);
..\..\..\..\..\components\libraries\fstorage\nrf_fstorage.h(175): error:  #168: a function type is not allowed here
      ret_code_t (*read)(nrf_fstorage_t const * p_fs, uint32_t src, void * p_dest, uint32_t len);
..\..\..\..\..\components\libraries\fstorage\nrf_fstorage.h(175): error:  #101: "ret_code_t" has already been declared in the current scope
      ret_code_t (*read)(nrf_fstorage_t const * p_fs, uint32_t src, void * p_dest, uint32_t len);
..\..\..\..\..\components\libraries\fstorage\nrf_fstorage.h(177): error:  #79: expected a type specifier
      ret_code_t (*write)(nrf_fstorage_t const * p_fs, uint32_t dest, void const * p_src, uint32_t len, void * p_param);
..\..\..\..\..\components\libraries\fstorage\nrf_fstorage.h(177): error:  #90: function returning function is not allowed
      ret_code_t (*write)(nrf_fstorage_t const * p_fs, uint32_t dest, void const * p_src, uint32_t len, void * p_param);
..\..\..\..\..\components\libraries\fstorage\nrf_fstorage.h(177): error:  #168: a function type is not allowed here
      ret_code_t (*write)(nrf_fstorage_t const * p_fs, uint32_t dest, void const * p_src, uint32_t len, void * p_param);
..\..\..\..\..\components\libraries\fstorage\nrf_fstorage.h(177): error:  #101: "ret_code_t" has already been declared in the current scope
      ret_code_t (*write)(nrf_fstorage_t const * p_fs, uint32_t dest, void const * p_src, uint32_t len, void * p_param);
..\..\..\..\..\components\libraries\fstorage\nrf_fstorage.h(179): error:  #79: expected a type specifier
      ret_code_t (*erase)(nrf_fstorage_t const * p_fs, uint32_t addr, uint32_t len, void * p_param);
..\..\..\..\..\components\libraries\fstorage\nrf_fstorage.h(179): error:  #90: function returning function is not allowed
      ret_code_t (*erase)(nrf_fstorage_t const * p_fs, uint32_t addr, uint32_t len, void * p_param);
..\..\..\..\..\components\libraries\fstorage\nrf_fstorage.h(179): error:  #168: a function type is not allowed here
      ret_code_t (*erase)(nrf_fstorage_t const * p_fs, uint32_t addr, uint32_t len, void * p_param);
..\..\..\..\..\components\libraries\fstorage\nrf_fstorage.h(179): error:  #101: "ret_code_t" has already been declared in the current scope
      ret_code_t (*erase)(nrf_fstorage_t const * p_fs, uint32_t addr, uint32_t len, void * p_param);
..\..\..\..\..\components\libraries\fstorage\nrf_fstorage.h(199): error:  #20: identifier "ret_code_t" is undefined
  ret_code_t nrf_fstorage_init(nrf_fstorage_t     * p_fs,
..\..\..\..\..\components\libraries\fstorage\nrf_fstorage.h(214): error:  #20: identifier "ret_code_t" is undefined
  ret_code_t nrf_fstorage_uninit(nrf_fstorage_t * p_fs, void * p_param);
..\..\..\..\..\components\libraries\fstorage\nrf_fstorage.h(233): error:  #20: identifier "ret_code_t" is undefined
  ret_code_t nrf_fstorage_read(nrf_fstorage_t const * p_fs,
..\..\..\..\..\components\libraries\fstorage\nrf_fstorage.h(267): error:  #20: identifier "ret_code_t" is undefined
  ret_code_t nrf_fstorage_write(nrf_fstorage_t const * p_fs,
..\..\..\..\..\components\libraries\fstorage\nrf_fstorage.h(294): error:  #20: identifier "ret_code_t" is undefined
  ret_code_t nrf_fstorage_erase(nrf_fstorage_t const * p_fs,
..\..\..\..\..\components\libraries\bootloader\dfu\nrf_dfu_flash.h(75): error:  #20: identifier "ret_code_t" is undefined
  ret_code_t nrf_dfu_flash_init(bool sd_irq_initialized);
..\..\..\..\..\components\libraries\bootloader\dfu\nrf_dfu_flash.h(99): error:  #20: identifier "ret_code_t" is undefined
  ret_code_t nrf_dfu_flash_store(uint32_t                     dest,
..\..\..\dfu_req_handling\dfu_req_handling.c: 1 warning, 30 errors
compiling boards.c...
..\config\sdk_config.h(687): error:  #169: expected a declaration
..\config\sdk_config.h(687): error:  #10: "#" not expected here
..\..\..\..\..\components\libraries\util\sdk_errors.h(157): warning:  #12-D: parsing restarts here after previous syntax error
  typedef uint32_t ret_code_t;
..\..\..\..\..\components\libraries\util\app_error.h(107): error:  #20: identifier "ret_code_t" is undefined
  void app_error_handler_bare(ret_code_t error_code);
..\..\..\..\..\components\boards\pca10040.h(183): warning:  #1-D: last line of file ends without a newline
  																 
..\..\..\..\..\components\boards\boards.c: 2 warnings, 3 errors
compiling main.c...
..\config\sdk_config.h(687): error:  #169: expected a declaration
..\config\sdk_config.h(687): error:  #10: "#" not expected here
..\..\..\..\..\components\libraries\util\sdk_errors.h(157): warning:  #12-D: parsing restarts here after previous syntax error
  typedef uint32_t ret_code_t;
..\..\..\..\..\components\libraries\util\app_error.h(107): error:  #20: identifier "ret_code_t" is undefined
  void app_error_handler_bare(ret_code_t error_code);
..\..\..\..\..\components\boards\pca10040.h(183): warning:  #1-D: last line of file ends without a newline
  																 
..\..\..\..\..\components\libraries\strerror\nrf_strerror.h(69): error:  #20: identifier "ret_code_t" is undefined
  char const * nrf_strerror_get(ret_code_t code);
..\..\..\..\..\components\libraries\strerror\nrf_strerror.h(81): error:  #20: identifier "ret_code_t" is undefined
  char const * nrf_strerror_find(ret_code_t code);
..\..\..\..\..\components\libraries\balloc\nrf_balloc.h(269): error:  #20: identifier "ret_code_t" is undefined
  ret_code_t nrf_balloc_init(nrf_balloc_t const * p_pool);
..\..\..\..\..\components\libraries\experimental_memobj\nrf_memobj.h(109): error:  #20: identifier "ret_code_t" is undefined
  ret_code_t nrf_memobj_pool_init(nrf_memobj_pool_t const * p_pool);
..\..\..\..\..\components\libraries\experimental_log\nrf_log_ctrl.h(130): error:  #20: identifier "ret_code_t" is undefined
  ret_code_t nrf_log_init(nrf_log_timestamp_func_t timestamp_func);
..\..\main.c: 2 warnings, 8 errors
compiling nrf_bootloader.c...
..\config\sdk_config.h(687): error:  #169: expected a declaration
..\config\sdk_config.h(687): error:  #10: "#" not expected here
..\..\..\..\..\components\libraries\util\sdk_errors.h(157): warning:  #12-D: parsing restarts here after previous syntax error
  typedef uint32_t ret_code_t;
..\..\..\..\..\components\libraries\strerror\nrf_strerror.h(69): error:  #20: identifier "ret_code_t" is undefined
  char const * nrf_strerror_get(ret_code_t code);
..\..\..\..\..\components\libraries\strerror\nrf_strerror.h(81): error:  #20: identifier "ret_code_t" is undefined
  char const * nrf_strerror_find(ret_code_t code);
..\..\..\..\..\components\libraries\bootloader\nrf_bootloader.c: 1 warning, 4 errors
compiling ble_srv_common.c...
..\config\sdk_config.h(687): error:  #169: expected a declaration
..\config\sdk_config.h(687): error:  #10: "#" not expected here
..\..\..\..\..\components\libraries\util\sdk_errors.h(157): warning:  #12-D: parsing restarts here after previous syntax error
  typedef uint32_t ret_code_t;
..\..\..\..\..\components\libraries\util\app_error.h(107): error:  #20: identifier "ret_code_t" is undefined
  void app_error_handler_bare(ret_code_t error_code);
..\..\..\..\..\components\ble\common\ble_srv_common.c: 1 warning, 3 errors
compiling nrf_ble_dfu.c...
..\config\sdk_config.h(687): error:  #169: expected a declaration
..\config\sdk_config.h(687): error:  #10: "#" not expected here
..\..\..\..\..\components\libraries\util\sdk_errors.h(157): warning:  #12-D: parsing restarts here after previous syntax error
  typedef uint32_t ret_code_t;
..\..\..\..\..\components\libraries\util\app_error.h(107): error:  #20: identifier "ret_code_t" is undefined
  void app_error_handler_bare(ret_code_t error_code);
..\..\..\..\..\components\boards\pca10040.h(183): warning:  #1-D: last line of file ends without a newline
  																 
..\..\..\..\..\components\ble\common\ble_conn_params.h(106): error:  #20: identifier "ret_code_t" is undefined
  ret_code_t ble_conn_params_init(const ble_conn_params_init_t * p_init);
..\..\..\..\..\components\ble\common\ble_conn_params.h(122): error:  #20: identifier "ret_code_t" is undefined
  ret_code_t ble_conn_params_stop(void);
..\..\..\..\..\components\ble\common\ble_conn_params.h(147): error:  #20: identifier "ret_code_t" is undefined
  ret_code_t ble_conn_params_change_conn_params(uint16_t                conn_handle,
..\..\..\..\..\components\softdevice\common\nrf_sdh.h(230): error:  #20: identifier "ret_code_t" is undefined
  ret_code_t nrf_sdh_enable_request(void);
..\..\..\..\..\components\softdevice\common\nrf_sdh.h(245): error:  #20: identifier "ret_code_t" is undefined
  ret_code_t nrf_sdh_disable_request(void);
..\..\..\..\..\components\softdevice\common\nrf_sdh.h(257): error:  #20: identifier "ret_code_t" is undefined
  ret_code_t nrf_sdh_request_continue(void);
..\..\..\..\..\components\softdevice\common\nrf_sdh_ble.h(154): error:  #20: identifier "ret_code_t" is undefined
  ret_code_t nrf_sdh_ble_app_ram_start_get(uint32_t * p_app_ram_start);
..\..\..\..\..\components\softdevice\common\nrf_sdh_ble.h(171): error:  #20: identifier "ret_code_t" is undefined
  ret_code_t nrf_sdh_ble_default_cfg_set(uint8_t conn_cfg_tag, uint32_t * p_ram_start);
..\..\..\..\..\components\softdevice\common\nrf_sdh_ble.h(178): error:  #20: identifier "ret_code_t" is undefined
  ret_code_t nrf_sdh_ble_enable(uint32_t * p_app_ram_start);
..\..\..\..\..\components\libraries\strerror\nrf_strerror.h(69): error:  #20: identifier "ret_code_t" is undefined
  char const * nrf_strerror_get(ret_code_t code);
..\..\..\..\..\components\libraries\strerror\nrf_strerror.h(81): error:  #20: identifier "ret_code_t" is undefined
  char const * nrf_strerror_find(ret_code_t code);
..\..\..\..\..\components\libraries\timer\app_timer.h(148): error:  #20: identifier "ret_code_t" is undefined
  ret_code_t app_timer_init(void);
..\..\..\..\..\components\libraries\timer\app_timer.h(169): error:  #20: identifier "ret_code_t" is undefined
  ret_code_t app_timer_create(app_timer_id_t const *      p_timer_id,
..\..\..\..\..\components\libraries\timer\app_timer.h(193): error:  #20: identifier "ret_code_t" is undefined
  ret_code_t app_timer_start(app_timer_id_t timer_id, uint32_t timeout_ticks, void * p_context);
..\..\..\..\..\components\libraries\timer\app_timer.h(205): error:  #20: identifier "ret_code_t" is undefined
  ret_code_t app_timer_stop(app_timer_id_t timer_id);
..\..\..\..\..\components\libraries\timer\app_timer.h(213): error:  #20: identifier "ret_code_t" is undefined
  ret_code_t app_timer_stop_all(void);
..\..\..\..\..\components\libraries\fstorage\nrf_fstorage.h(100): error:  #20: identifier "ret_code_t" is undefined
      ret_code_t              result;     //!< Result of the operation.
..\..\..\..\..\components\libraries\fstorage\nrf_fstorage.h(171): error:  #79: expected a type specifier
      ret_code_t (*init)(nrf_fstorage_t * p_fs, void * p_param);
..\..\..\..\..\components\libraries\fstorage\nrf_fstorage.h(171): error:  #90: function returning function is not allowed
      ret_code_t (*init)(nrf_fstorage_t * p_fs, void * p_param);
..\..\..\..\..\components\libraries\fstorage\nrf_fstorage.h(171): error:  #168: a function type is not allowed here
      ret_code_t (*init)(nrf_fstorage_t * p_fs, void * p_param);
..\..\..\..\..\components\libraries\fstorage\nrf_fstorage.h(173): error:  #79: expected a type specifier
      ret_code_t (*uninit)(nrf_fstorage_t * p_fs, void * p_param);
..\..\..\..\..\components\libraries\fstorage\nrf_fstorage.h(173): error:  #90: function returning function is not allowed
      ret_code_t (*uninit)(nrf_fstorage_t * p_fs, void * p_param);
..\..\..\..\..\components\libraries\fstorage\nrf_fstorage.h(173): error:  #168: a function type is not allowed here
      ret_code_t (*uninit)(nrf_fstorage_t * p_fs, void * p_param);
..\..\..\..\..\components\libraries\fstorage\nrf_fstorage.h(173): error:  #101: "ret_code_t" has already been declared in the current scope
      ret_code_t (*uninit)(nrf_fstorage_t * p_fs, void * p_param);
..\..\..\..\..\components\libraries\fstorage\nrf_fstorage.h(175): error:  #79: expected a type specifier
      ret_code_t (*read)(nrf_fstorage_t const * p_fs, uint32_t src, void * p_dest, uint32_t len);
..\..\..\..\..\components\libraries\fstorage\nrf_fstorage.h(175): error:  #90: function returning function is not allowed
      ret_code_t (*read)(nrf_fstorage_t const * p_fs, uint32_t src, void * p_dest, uint32_t len);
..\..\..\..\..\components\libraries\fstorage\nrf_fstorage.h(175): error:  #168: a function type is not allowed here
      ret_code_t (*read)(nrf_fstorage_t const * p_fs, uint32_t src, void * p_dest, uint32_t len);
..\..\..\..\..\components\libraries\bootloader\ble_dfu\nrf_ble_dfu.c: 2 warnings, 30 errors
compiling nrf_bootloader_app_start_asm.c...
compiling nrf_bootloader_app_start.c...
..\config\sdk_config.h(687): error:  #169: expected a declaration
..\config\sdk_config.h(687): error:  #10: "#" not expected here
..\..\..\..\..\components\libraries\util\sdk_errors.h(157): warning:  #12-D: parsing restarts here after previous syntax error
  typedef uint32_t ret_code_t;
..\..\..\..\..\components\libraries\strerror\nrf_strerror.h(69): error:  #20: identifier "ret_code_t" is undefined
  char const * nrf_strerror_get(ret_code_t code);
..\..\..\..\..\components\libraries\strerror\nrf_strerror.h(81): error:  #20: identifier "ret_code_t" is undefined
  char const * nrf_strerror_find(ret_code_t code);
..\..\..\..\..\components\libraries\bootloader\nrf_bootloader_app_start.c: 1 warning, 4 errors
compiling nrf_dfu_flash.c...
..\config\sdk_config.h(687): error:  #169: expected a declaration
..\config\sdk_config.h(687): error:  #10: "#" not expected here
..\..\..\..\..\components\libraries\util\sdk_errors.h(157): warning:  #12-D: parsing restarts here after previous syntax error
  typedef uint32_t ret_code_t;
..\..\..\..\..\components\libraries\fstorage\nrf_fstorage.h(100): error:  #20: identifier "ret_code_t" is undefined
      ret_code_t              result;     //!< Result of the operation.
..\..\..\..\..\components\libraries\fstorage\nrf_fstorage.h(171): error:  #79: expected a type specifier
      ret_code_t (*init)(nrf_fstorage_t * p_fs, void * p_param);
..\..\..\..\..\components\libraries\fstorage\nrf_fstorage.h(171): error:  #90: function returning function is not allowed
      ret_code_t (*init)(nrf_fstorage_t * p_fs, void * p_param);
..\..\..\..\..\components\libraries\fstorage\nrf_fstorage.h(171): error:  #168: a function type is not allowed here
      ret_code_t (*init)(nrf_fstorage_t * p_fs, void * p_param);
..\..\..\..\..\components\libraries\fstorage\nrf_fstorage.h(173): error:  #79: expected a type specifier
      ret_code_t (*uninit)(nrf_fstorage_t * p_fs, void * p_param);
..\..\..\..\..\components\libraries\fstorage\nrf_fstorage.h(173): error:  #90: function returning function is not allowed
      ret_code_t (*uninit)(nrf_fstorage_t * p_fs, void * p_param);
..\..\..\..\..\components\libraries\fstorage\nrf_fstorage.h(173): error:  #168: a function type is not allowed here
      ret_code_t (*uninit)(nrf_fstorage_t * p_fs, void * p_param);
..\..\..\..\..\components\libraries\fstorage\nrf_fstorage.h(173): error:  #101: "ret_code_t" has already been declared in the current scope
      ret_code_t (*uninit)(nrf_fstorage_t * p_fs, void * p_param);
..\..\..\..\..\components\libraries\fstorage\nrf_fstorage.h(175): error:  #79: expected a type specifier
      ret_code_t (*read)(nrf_fstorage_t const * p_fs, uint32_t src, void * p_dest, uint32_t len);
..\..\..\..\..\components\libraries\fstorage\nrf_fstorage.h(175): error:  #90: function returning function is not allowed
      ret_code_t (*read)(nrf_fstorage_t const * p_fs, uint32_t src, void * p_dest, uint32_t len);
..\..\..\..\..\components\libraries\fstorage\nrf_fstorage.h(175): error:  #168: a function type is not allowed here
      ret_code_t (*read)(nrf_fstorage_t const * p_fs, uint32_t src, void * p_dest, uint32_t len);
..\..\..\..\..\components\libraries\fstorage\nrf_fstorage.h(175): error:  #101: "ret_code_t" has already been declared in the current scope
      ret_code_t (*read)(nrf_fstorage_t const * p_fs, uint32_t src, void * p_dest, uint32_t len);
..\..\..\..\..\components\libraries\fstorage\nrf_fstorage.h(177): error:  #79: expected a type specifier
      ret_code_t (*write)(nrf_fstorage_t const * p_fs, uint32_t dest, void const * p_src, uint32_t len, void * p_param);
..\..\..\..\..\components\libraries\fstorage\nrf_fstorage.h(177): error:  #90: function returning function is not allowed
      ret_code_t (*write)(nrf_fstorage_t const * p_fs, uint32_t dest, void const * p_src, uint32_t len, void * p_param);
..\..\..\..\..\components\libraries\fstorage\nrf_fstorage.h(177): error:  #168: a function type is not allowed here
      ret_code_t (*write)(nrf_fstorage_t const * p_fs, uint32_t dest, void const * p_src, uint32_t len, void * p_param);
..\..\..\..\..\components\libraries\fstorage\nrf_fstorage.h(177): error:  #101: "ret_code_t" has already been declared in the current scope
      ret_code_t (*write)(nrf_fstorage_t const * p_fs, uint32_t dest, void const * p_src, uint32_t len, void * p_param);
..\..\..\..\..\components\libraries\fstorage\nrf_fstorage.h(179): error:  #79: expected a type specifier
      ret_code_t (*erase)(nrf_fstorage_t const * p_fs, uint32_t addr, uint32_t len, void * p_param);
..\..\..\..\..\components\libraries\fstorage\nrf_fstorage.h(179): error:  #90: function returning function is not allowed
      ret_code_t (*erase)(nrf_fstorage_t const * p_fs, uint32_t addr, uint32_t len, void * p_param);
..\..\..\..\..\components\libraries\fstorage\nrf_fstorage.h(179): error:  #168: a function type is not allowed here
      ret_code_t (*erase)(nrf_fstorage_t const * p_fs, uint32_t addr, uint32_t len, void * p_param);
..\..\..\..\..\components\libraries\fstorage\nrf_fstorage.h(179): error:  #101: "ret_code_t" has already been declared in the current scope
      ret_code_t (*erase)(nrf_fstorage_t const * p_fs, uint32_t addr, uint32_t len, void * p_param);
..\..\..\..\..\components\libraries\fstorage\nrf_fstorage.h(199): error:  #20: identifier "ret_code_t" is undefined
  ret_code_t nrf_fstorage_init(nrf_fstorage_t     * p_fs,
..\..\..\..\..\components\libraries\fstorage\nrf_fstorage.h(214): error:  #20: identifier "ret_code_t" is undefined
  ret_code_t nrf_fstorage_uninit(nrf_fstorage_t * p_fs, void * p_param);
..\..\..\..\..\components\libraries\fstorage\nrf_fstorage.h(233): error:  #20: identifier "ret_code_t" is undefined
  ret_code_t nrf_fstorage_read(nrf_fstorage_t const * p_fs,
..\..\..\..\..\components\libraries\fstorage\nrf_fstorage.h(267): error:  #20: identifier "ret_code_t" is undefined
  ret_code_t nrf_fstorage_write(nrf_fstorage_t const * p_fs,
..\..\..\..\..\components\libraries\fstorage\nrf_fstorage.h(294): error:  #20: identifier "ret_code_t" is undefined
  ret_code_t nrf_fstorage_erase(nrf_fstorage_t const * p_fs,
..\..\..\..\..\components\libraries\bootloader\dfu\nrf_dfu_flash.h(75): error:  #20: identifier "ret_code_t" is undefined
  ret_code_t nrf_dfu_flash_init(bool sd_irq_initialized);
..\..\..\..\..\components\libraries\bootloader\dfu\nrf_dfu_flash.h(99): error:  #20: identifier "ret_code_t" is undefined
  ret_code_t nrf_dfu_flash_store(uint32_t                     dest,
..\..\..\..\..\components\libraries\bootloader\dfu\nrf_dfu_flash.h(123): error:  #20: identifier "ret_code_t" is undefined
  ret_code_t nrf_dfu_flash_erase(uint32_t page_addr, uint32_t num_pages, dfu_flash_callback_t callback);
..\..\..\..\..\components\libraries\bootloader\dfu\nrf_dfu_flash.c: 1 warning, 30 errors
compiling nrf_bootloader_info.c...
compiling nrf_dfu.c...
..\config\sdk_config.h(687): error:  #169: expected a declaration
..\config\sdk_config.h(687): error:  #10: "#" not expected here
..\..\..\..\..\components\libraries\util\sdk_errors.h(157): warning:  #12-D: parsing restarts here after previous syntax error
  typedef uint32_t ret_code_t;
..\..\..\..\..\components\libraries\util\app_error.h(107): error:  #20: identifier "ret_code_t" is undefined
  void app_error_handler_bare(ret_code_t error_code);
..\..\..\..\..\components\boards\pca10040.h(183): warning:  #1-D: last line of file ends without a newline
  																 
..\..\..\..\..\components\drivers_nrf\clock\nrf_drv_clock.h(115): error:  #20: identifier "ret_code_t" is undefined
  ret_code_t nrf_drv_clock_init(void);
..\..\..\..\..\components\drivers_nrf\clock\nrf_drv_clock.h(220): error:  #20: identifier "ret_code_t" is undefined
  ret_code_t nrf_drv_clock_calibration_start(uint8_t delay, nrf_drv_clock_event_handler_t handler);
..\..\..\..\..\components\drivers_nrf\clock\nrf_drv_clock.h(233): error:  #20: identifier "ret_code_t" is undefined
  ret_code_t nrf_drv_clock_calibration_abort(void);
..\..\..\..\..\components\drivers_nrf\clock\nrf_drv_clock.h(246): error:  #20: identifier "ret_code_t" is undefined
  ret_code_t nrf_drv_clock_is_calibrating(bool * p_is_calibrating);
..\..\..\..\..\components\libraries\fstorage\nrf_fstorage.h(100): error:  #20: identifier "ret_code_t" is undefined
      ret_code_t              result;     //!< Result of the operation.
..\..\..\..\..\components\libraries\fstorage\nrf_fstorage.h(171): error:  #79: expected a type specifier
      ret_code_t (*init)(nrf_fstorage_t * p_fs, void * p_param);
..\..\..\..\..\components\libraries\fstorage\nrf_fstorage.h(171): error:  #90: function returning function is not allowed
      ret_code_t (*init)(nrf_fstorage_t * p_fs, void * p_param);
..\..\..\..\..\components\libraries\fstorage\nrf_fstorage.h(171): error:  #168: a function type is not allowed here
      ret_code_t (*init)(nrf_fstorage_t * p_fs, void * p_param);
..\..\..\..\..\components\libraries\fstorage\nrf_fstorage.h(173): error:  #79: expected a type specifier
      ret_code_t (*uninit)(nrf_fstorage_t * p_fs, void * p_param);
..\..\..\..\..\components\libraries\fstorage\nrf_fstorage.h(173): error:  #90: function returning function is not allowed
      ret_code_t (*uninit)(nrf_fstorage_t * p_fs, void * p_param);
..\..\..\..\..\components\libraries\fstorage\nrf_fstorage.h(173): error:  #168: a function type is not allowed here
      ret_code_t (*uninit)(nrf_fstorage_t * p_fs, void * p_param);
..\..\..\..\..\components\libraries\fstorage\nrf_fstorage.h(173): error:  #101: "ret_code_t" has already been declared in the current scope
      ret_code_t (*uninit)(nrf_fstorage_t * p_fs, void * p_param);
..\..\..\..\..\components\libraries\fstorage\nrf_fstorage.h(175): error:  #79: expected a type specifier
      ret_code_t (*read)(nrf_fstorage_t const * p_fs, uint32_t src, void * p_dest, uint32_t len);
..\..\..\..\..\components\libraries\fstorage\nrf_fstorage.h(175): error:  #90: function returning function is not allowed
      ret_code_t (*read)(nrf_fstorage_t const * p_fs, uint32_t src, void * p_dest, uint32_t len);
..\..\..\..\..\components\libraries\fstorage\nrf_fstorage.h(175): error:  #168: a function type is not allowed here
      ret_code_t (*read)(nrf_fstorage_t const * p_fs, uint32_t src, void * p_dest, uint32_t len);
..\..\..\..\..\components\libraries\fstorage\nrf_fstorage.h(175): error:  #101: "ret_code_t" has already been declared in the current scope
      ret_code_t (*read)(nrf_fstorage_t const * p_fs, uint32_t src, void * p_dest, uint32_t len);
..\..\..\..\..\components\libraries\fstorage\nrf_fstorage.h(177): error:  #79: expected a type specifier
      ret_code_t (*write)(nrf_fstorage_t const * p_fs, uint32_t dest, void const * p_src, uint32_t len, void * p_param);
..\..\..\..\..\components\libraries\fstorage\nrf_fstorage.h(177): error:  #90: function returning function is not allowed
      ret_code_t (*write)(nrf_fstorage_t const * p_fs, uint32_t dest, void const * p_src, uint32_t len, void * p_param);
..\..\..\..\..\components\libraries\fstorage\nrf_fstorage.h(177): error:  #168: a function type is not allowed here
      ret_code_t (*write)(nrf_fstorage_t const * p_fs, uint32_t dest, void const * p_src, uint32_t len, void * p_param);
..\..\..\..\..\components\libraries\fstorage\nrf_fstorage.h(177): error:  #101: "ret_code_t" has already been declared in the current scope
      ret_code_t (*write)(nrf_fstorage_t const * p_fs, uint32_t dest, void const * p_src, uint32_t len, void * p_param);
..\..\..\..\..\components\libraries\fstorage\nrf_fstorage.h(179): error:  #79: expected a type specifier
      ret_code_t (*erase)(nrf_fstorage_t const * p_fs, uint32_t addr, uint32_t len, void * p_param);
..\..\..\..\..\components\libraries\fstorage\nrf_fstorage.h(179): error:  #90: function returning function is not allowed
      ret_code_t (*erase)(nrf_fstorage_t const * p_fs, uint32_t addr, uint32_t len, void * p_param);
..\..\..\..\..\components\libraries\fstorage\nrf_fstorage.h(179): error:  #168: a function type is not allowed here
      ret_code_t (*erase)(nrf_fstorage_t const * p_fs, uint32_t addr, uint32_t len, void * p_param);
..\..\..\..\..\components\libraries\fstorage\nrf_fstorage.h(179): error:  #101: "ret_code_t" has already been declared in the current scope
      ret_code_t (*erase)(nrf_fstorage_t const * p_fs, uint32_t addr, uint32_t len, void * p_param);
..\..\..\..\..\components\libraries\fstorage\nrf_fstorage.h(199): error:  #20: identifier "ret_code_t" is undefined
  ret_code_t nrf_fstorage_init(nrf_fstorage_t     * p_fs,
..\..\..\..\..\components\libraries\fstorage\nrf_fstorage.h(214): error:  #20: identifier "ret_code_t" is undefined
  ret_code_t nrf_fstorage_uninit(nrf_fstorage_t * p_fs, void * p_param);
..\..\..\..\..\components\libraries\fstorage\nrf_fstorage.h(233): error:  #20: identifier "ret_code_t" is undefined
  ret_code_t nrf_fstorage_read(nrf_fstorage_t const * p_fs,
..\..\..\..\..\components\libraries\bootloader\dfu\nrf_dfu.c: 2 warnings, 30 errors
compiling nrf_dfu_handling_error.c...
..\config\sdk_config.h(687): error:  #169: expected a declaration
..\config\sdk_config.h(687): error:  #10: "#" not expected here
..\..\..\..\..\components\libraries\util\sdk_errors.h(157): warning:  #12-D: parsing restarts here after previous syntax error
  typedef uint32_t ret_code_t;
..\..\..\..\..\components\libraries\util\app_error.h(107): error:  #20: identifier "ret_code_t" is undefined
  void app_error_handler_bare(ret_code_t error_code);
..\..\..\..\..\components\libraries\strerror\nrf_strerror.h(69): error:  #20: identifier "ret_code_t" is undefined
  char const * nrf_strerror_get(ret_code_t code);
..\..\..\..\..\components\libraries\strerror\nrf_strerror.h(81): error:  #20: identifier "ret_code_t" is undefined
  char const * nrf_strerror_find(ret_code_t code);
..\..\..\..\..\components\libraries\bootloader\dfu\nrf_dfu_handling_error.c: 1 warning, 5 errors
compiling nrf_dfu_mbr.c...
..\config\sdk_config.h(687): error:  #169: expected a declaration
..\config\sdk_config.h(687): error:  #10: "#" not expected here
..\..\..\..\..\components\libraries\util\sdk_errors.h(157): warning:  #12-D: parsing restarts here after previous syntax error
  typedef uint32_t ret_code_t;
..\..\..\..\..\components\libraries\util\app_error.h(107): error:  #20: identifier "ret_code_t" is undefined
  void app_error_handler_bare(ret_code_t error_code);
..\..\..\..\..\components\libraries\strerror\nrf_strerror.h(69): error:  #20: identifier "ret_code_t" is undefined
  char const * nrf_strerror_get(ret_code_t code);
..\..\..\..\..\components\libraries\strerror\nrf_strerror.h(81): error:  #20: identifier "ret_code_t" is undefined
  char const * nrf_strerror_find(ret_code_t code);
..\..\..\..\..\components\libraries\bootloader\dfu\nrf_dfu_mbr.c: 1 warning, 5 errors
compiling nrf_dfu_settings.c...
..\config\sdk_config.h(687): error:  #169: expected a declaration
..\config\sdk_config.h(687): error:  #10: "#" not expected here
..\..\..\..\..\components\libraries\util\sdk_errors.h(157): warning:  #12-D: parsing restarts here after previous syntax error
  typedef uint32_t ret_code_t;
..\..\..\..\..\components\libraries\util\app_error.h(107): error:  #20: identifier "ret_code_t" is undefined
  void app_error_handler_bare(ret_code_t error_code);
..\..\..\..\..\components\libraries\fstorage\nrf_fstorage.h(100): error:  #20: identifier "ret_code_t" is undefined
      ret_code_t              result;     //!< Result of the operation.
..\..\..\..\..\components\libraries\fstorage\nrf_fstorage.h(171): error:  #79: expected a type specifier
      ret_code_t (*init)(nrf_fstorage_t * p_fs, void * p_param);
..\..\..\..\..\components\libraries\fstorage\nrf_fstorage.h(171): error:  #90: function returning function is not allowed
      ret_code_t (*init)(nrf_fstorage_t * p_fs, void * p_param);
..\..\..\..\..\components\libraries\fstorage\nrf_fstorage.h(171): error:  #168: a function type is not allowed here
      ret_code_t (*init)(nrf_fstorage_t * p_fs, void * p_param);
..\..\..\..\..\components\libraries\fstorage\nrf_fstorage.h(173): error:  #79: expected a type specifier
      ret_code_t (*uninit)(nrf_fstorage_t * p_fs, void * p_param);
..\..\..\..\..\components\libraries\fstorage\nrf_fstorage.h(173): error:  #90: function returning function is not allowed
      ret_code_t (*uninit)(nrf_fstorage_t * p_fs, void * p_param);
..\..\..\..\..\components\libraries\fstorage\nrf_fstorage.h(173): error:  #168: a function type is not allowed here
      ret_code_t (*uninit)(nrf_fstorage_t * p_fs, void * p_param);
..\..\..\..\..\components\libraries\fstorage\nrf_fstorage.h(173): error:  #101: "ret_code_t" has already been declared in the current scope
      ret_code_t (*uninit)(nrf_fstorage_t * p_fs, void * p_param);
..\..\..\..\..\components\libraries\fstorage\nrf_fstorage.h(175): error:  #79: expected a type specifier
      ret_code_t (*read)(nrf_fstorage_t const * p_fs, uint32_t src, void * p_dest, uint32_t len);
..\..\..\..\..\components\libraries\fstorage\nrf_fstorage.h(175): error:  #90: function returning function is not allowed
      ret_code_t (*read)(nrf_fstorage_t const * p_fs, uint32_t src, void * p_dest, uint32_t len);
..\..\..\..\..\components\libraries\fstorage\nrf_fstorage.h(175): error:  #168: a function type is not allowed here
      ret_code_t (*read)(nrf_fstorage_t const * p_fs, uint32_t src, void * p_dest, uint32_t len);
..\..\..\..\..\components\libraries\fstorage\nrf_fstorage.h(175): error:  #101: "ret_code_t" has already been declared in the current scope
      ret_code_t (*read)(nrf_fstorage_t const * p_fs, uint32_t src, void * p_dest, uint32_t len);
..\..\..\..\..\components\libraries\fstorage\nrf_fstorage.h(177): error:  #79: expected a type specifier
      ret_code_t (*write)(nrf_fstorage_t const * p_fs, uint32_t dest, void const * p_src, uint32_t len, void * p_param);
..\..\..\..\..\components\libraries\fstorage\nrf_fstorage.h(177): error:  #90: function returning function is not allowed
      ret_code_t (*write)(nrf_fstorage_t const * p_fs, uint32_t dest, void const * p_src, uint32_t len, void * p_param);
..\..\..\..\..\components\libraries\fstorage\nrf_fstorage.h(177): error:  #168: a function type is not allowed here
      ret_code_t (*write)(nrf_fstorage_t const * p_fs, uint32_t dest, void const * p_src, uint32_t len, void * p_param);
..\..\..\..\..\components\libraries\fstorage\nrf_fstorage.h(177): error:  #101: "ret_code_t" has already been declared in the current scope
      ret_code_t (*write)(nrf_fstorage_t const * p_fs, uint32_t dest, void const * p_src, uint32_t len, void * p_param);
..\..\..\..\..\components\libraries\fstorage\nrf_fstorage.h(179): error:  #79: expected a type specifier
      ret_code_t (*erase)(nrf_fstorage_t const * p_fs, uint32_t addr, uint32_t len, void * p_param);
..\..\..\..\..\components\libraries\fstorage\nrf_fstorage.h(179): error:  #90: function returning function is not allowed
      ret_code_t (*erase)(nrf_fstorage_t const * p_fs, uint32_t addr, uint32_t len, void * p_param);
..\..\..\..\..\components\libraries\fstorage\nrf_fstorage.h(179): error:  #168: a function type is not allowed here
      ret_code_t (*erase)(nrf_fstorage_t const * p_fs, uint32_t addr, uint32_t len, void * p_param);
..\..\..\..\..\components\libraries\fstorage\nrf_fstorage.h(179): error:  #101: "ret_code_t" has already been declared in the current scope
      ret_code_t (*erase)(nrf_fstorage_t const * p_fs, uint32_t addr, uint32_t len, void * p_param);
..\..\..\..\..\components\libraries\fstorage\nrf_fstorage.h(199): error:  #20: identifier "ret_code_t" is undefined
  ret_code_t nrf_fstorage_init(nrf_fstorage_t     * p_fs,
..\..\..\..\..\components\libraries\fstorage\nrf_fstorage.h(214): error:  #20: identifier "ret_code_t" is undefined
  ret_code_t nrf_fstorage_uninit(nrf_fstorage_t * p_fs, void * p_param);
..\..\..\..\..\components\libraries\fstorage\nrf_fstorage.h(233): error:  #20: identifier "ret_code_t" is undefined
  ret_code_t nrf_fstorage_read(nrf_fstorage_t const * p_fs,
..\..\..\..\..\components\libraries\fstorage\nrf_fstorage.h(267): error:  #20: identifier "ret_code_t" is undefined
  ret_code_t nrf_fstorage_write(nrf_fstorage_t const * p_fs,
..\..\..\..\..\components\libraries\fstorage\nrf_fstorage.h(294): error:  #20: identifier "ret_code_t" is undefined
  ret_code_t nrf_fstorage_erase(nrf_fstorage_t const * p_fs,
..\..\..\..\..\components\libraries\bootloader\dfu\nrf_dfu_flash.h(75): error:  #20: identifier "ret_code_t" is undefined
  ret_code_t nrf_dfu_flash_init(bool sd_irq_initialized);
..\..\..\..\..\components\libraries\bootloader\dfu\nrf_dfu_flash.h(99): error:  #20: identifier "ret_code_t" is undefined
  ret_code_t nrf_dfu_flash_store(uint32_t                     dest,
..\..\..\..\..\components\libraries\bootloader\dfu\nrf_dfu_settings.c: 1 warning, 30 errors
compiling nrf_dfu_transport.c...
..\config\sdk_config.h(687): error:  #169: expected a declaration
..\config\sdk_config.h(687): error:  #10: "#" not expected here
..\..\..\..\..\components\libraries\util\sdk_errors.h(157): warning:  #12-D: parsing restarts here after previous syntax error
  typedef uint32_t ret_code_t;
..\..\..\..\..\components\libraries\strerror\nrf_strerror.h(69): error:  #20: identifier "ret_code_t" is undefined
  char const * nrf_strerror_get(ret_code_t code);
..\..\..\..\..\components\libraries\strerror\nrf_strerror.h(81): error:  #20: identifier "ret_code_t" is undefined
  char const * nrf_strerror_find(ret_code_t code);
..\..\..\..\..\components\libraries\bootloader\dfu\nrf_dfu_transport.c: 1 warning, 4 errors
compiling nrf_dfu_settings_svci.c...
..\config\sdk_config.h(687): error:  #169: expected a declaration
..\config\sdk_config.h(687): error:  #10: "#" not expected here
..\..\..\..\..\components\libraries\util\sdk_errors.h(157): warning:  #12-D: parsing restarts here after previous syntax error
  typedef uint32_t ret_code_t;
..\..\..\..\..\components\libraries\util\app_error.h(107): error:  #20: identifier "ret_code_t" is undefined
  void app_error_handler_bare(ret_code_t error_code);
..\..\..\..\..\components\libraries\fstorage\nrf_fstorage.h(100): error:  #20: identifier "ret_code_t" is undefined
      ret_code_t              result;     //!< Result of the operation.
..\..\..\..\..\components\libraries\fstorage\nrf_fstorage.h(171): error:  #79: expected a type specifier
      ret_code_t (*init)(nrf_fstorage_t * p_fs, void * p_param);
..\..\..\..\..\components\libraries\fstorage\nrf_fstorage.h(171): error:  #90: function returning function is not allowed
      ret_code_t (*init)(nrf_fstorage_t * p_fs, void * p_param);
..\..\..\..\..\components\libraries\fstorage\nrf_fstorage.h(171): error:  #168: a function type is not allowed here
      ret_code_t (*init)(nrf_fstorage_t * p_fs, void * p_param);
..\..\..\..\..\components\libraries\fstorage\nrf_fstorage.h(173): error:  #79: expected a type specifier
      ret_code_t (*uninit)(nrf_fstorage_t * p_fs, void * p_param);
..\..\..\..\..\components\libraries\fstorage\nrf_fstorage.h(173): error:  #90: function returning function is not allowed
      ret_code_t (*uninit)(nrf_fstorage_t * p_fs, void * p_param);
..\..\..\..\..\components\libraries\fstorage\nrf_fstorage.h(173): error:  #168: a function type is not allowed here
      ret_code_t (*uninit)(nrf_fstorage_t * p_fs, void * p_param);
..\..\..\..\..\components\libraries\fstorage\nrf_fstorage.h(173): error:  #101: "ret_code_t" has already been declared in the current scope
      ret_code_t (*uninit)(nrf_fstorage_t * p_fs, void * p_param);
..\..\..\..\..\components\libraries\fstorage\nrf_fstorage.h(175): error:  #79: expected a type specifier
      ret_code_t (*read)(nrf_fstorage_t const * p_fs, uint32_t src, void * p_dest, uint32_t len);
..\..\..\..\..\components\libraries\fstorage\nrf_fstorage.h(175): error:  #90: function returning function is not allowed
      ret_code_t (*read)(nrf_fstorage_t const * p_fs, uint32_t src, void * p_dest, uint32_t len);
..\..\..\..\..\components\libraries\fstorage\nrf_fstorage.h(175): error:  #168: a function type is not allowed here
      ret_code_t (*read)(nrf_fstorage_t const * p_fs, uint32_t src, void * p_dest, uint32_t len);
..\..\..\..\..\components\libraries\fstorage\nrf_fstorage.h(175): error:  #101: "ret_code_t" has already been declared in the current scope
      ret_code_t (*read)(nrf_fstorage_t const * p_fs, uint32_t src, void * p_dest, uint32_t len);
..\..\..\..\..\components\libraries\fstorage\nrf_fstorage.h(177): error:  #79: expected a type specifier
      ret_code_t (*write)(nrf_fstorage_t const * p_fs, uint32_t dest, void const * p_src, uint32_t len, void * p_param);
..\..\..\..\..\components\libraries\fstorage\nrf_fstorage.h(177): error:  #90: function returning function is not allowed
      ret_code_t (*write)(nrf_fstorage_t const * p_fs, uint32_t dest, void const * p_src, uint32_t len, void * p_param);
..\..\..\..\..\components\libraries\fstorage\nrf_fstorage.h(177): error:  #168: a function type is not allowed here
      ret_code_t (*write)(nrf_fstorage_t const * p_fs, uint32_t dest, void const * p_src, uint32_t len, void * p_param);
..\..\..\..\..\components\libraries\fstorage\nrf_fstorage.h(177): error:  #101: "ret_code_t" has already been declared in the current scope
      ret_code_t (*write)(nrf_fstorage_t const * p_fs, uint32_t dest, void const * p_src, uint32_t len, void * p_param);
..\..\..\..\..\components\libraries\fstorage\nrf_fstorage.h(179): error:  #79: expected a type specifier
      ret_code_t (*erase)(nrf_fstorage_t const * p_fs, uint32_t addr, uint32_t len, void * p_param);
..\..\..\..\..\components\libraries\fstorage\nrf_fstorage.h(179): error:  #90: function returning function is not allowed
      ret_code_t (*erase)(nrf_fstorage_t const * p_fs, uint32_t addr, uint32_t len, void * p_param);
..\..\..\..\..\components\libraries\fstorage\nrf_fstorage.h(179): error:  #168: a function type is not allowed here
      ret_code_t (*erase)(nrf_fstorage_t const * p_fs, uint32_t addr, uint32_t len, void * p_param);
..\..\..\..\..\components\libraries\fstorage\nrf_fstorage.h(179): error:  #101: "ret_code_t" has already been declared in the current scope
      ret_code_t (*erase)(nrf_fstorage_t const * p_fs, uint32_t addr, uint32_t len, void * p_param);
..\..\..\..\..\components\libraries\fstorage\nrf_fstorage.h(199): error:  #20: identifier "ret_code_t" is undefined
  ret_code_t nrf_fstorage_init(nrf_fstorage_t     * p_fs,
..\..\..\..\..\components\libraries\fstorage\nrf_fstorage.h(214): error:  #20: identifier "ret_code_t" is undefined
  ret_code_t nrf_fstorage_uninit(nrf_fstorage_t * p_fs, void * p_param);
..\..\..\..\..\components\libraries\fstorage\nrf_fstorage.h(233): error:  #20: identifier "ret_code_t" is undefined
  ret_code_t nrf_fstorage_read(nrf_fstorage_t const * p_fs,
..\..\..\..\..\components\libraries\fstorage\nrf_fstorage.h(267): error:  #20: identifier "ret_code_t" is undefined
  ret_code_t nrf_fstorage_write(nrf_fstorage_t const * p_fs,
..\..\..\..\..\components\libraries\fstorage\nrf_fstorage.h(294): error:  #20: identifier "ret_code_t" is undefined
  ret_code_t nrf_fstorage_erase(nrf_fstorage_t const * p_fs,
..\..\..\..\..\components\libraries\bootloader\dfu\nrf_dfu_flash.h(75): error:  #20: identifier "ret_code_t" is undefined
  ret_code_t nrf_dfu_flash_init(bool sd_irq_initialized);
..\..\..\..\..\components\libraries\bootloader\dfu\nrf_dfu_flash.h(99): error:  #20: identifier "ret_code_t" is undefined
  ret_code_t nrf_dfu_flash_store(uint32_t                     dest,
..\..\..\..\..\components\libraries\bootloader\dfu\nrf_dfu_settings_svci.c: 1 warning, 30 errors
compiling nrf_dfu_utils.c...
..\config\sdk_config.h(687): error:  #169: expected a declaration
..\config\sdk_config.h(687): error:  #10: "#" not expected here
..\..\..\..\..\components\libraries\util\sdk_errors.h(157): warning:  #12-D: parsing restarts here after previous syntax error
  typedef uint32_t ret_code_t;
..\..\..\..\..\components\libraries\util\app_error.h(107): error:  #20: identifier "ret_code_t" is undefined
  void app_error_handler_bare(ret_code_t error_code);
..\..\..\..\..\components\libraries\timer\app_timer.h(148): error:  #20: identifier "ret_code_t" is undefined
  ret_code_t app_timer_init(void);
..\..\..\..\..\components\libraries\timer\app_timer.h(169): error:  #20: identifier "ret_code_t" is undefined
  ret_code_t app_timer_create(app_timer_id_t const *      p_timer_id,
..\..\..\..\..\components\libraries\timer\app_timer.h(193): error:  #20: identifier "ret_code_t" is undefined
  ret_code_t app_timer_start(app_timer_id_t timer_id, uint32_t timeout_ticks, void * p_context);
..\..\..\..\..\components\libraries\timer\app_timer.h(205): error:  #20: identifier "ret_code_t" is undefined
  ret_code_t app_timer_stop(app_timer_id_t timer_id);
..\..\..\..\..\components\libraries\timer\app_timer.h(213): error:  #20: identifier "ret_code_t" is undefined
  ret_code_t app_timer_stop_all(void);
..\..\..\..\..\components\libraries\fstorage\nrf_fstorage.h(100): error:  #20: identifier "ret_code_t" is undefined
      ret_code_t              result;     //!< Result of the operation.
..\..\..\..\..\components\libraries\fstorage\nrf_fstorage.h(171): error:  #79: expected a type specifier
      ret_code_t (*init)(nrf_fstorage_t * p_fs, void * p_param);
..\..\..\..\..\components\libraries\fstorage\nrf_fstorage.h(171): error:  #90: function returning function is not allowed
      ret_code_t (*init)(nrf_fstorage_t * p_fs, void * p_param);
..\..\..\..\..\components\libraries\fstorage\nrf_fstorage.h(171): error:  #168: a function type is not allowed here
      ret_code_t (*init)(nrf_fstorage_t * p_fs, void * p_param);
..\..\..\..\..\components\libraries\fstorage\nrf_fstorage.h(173): error:  #79: expected a type specifier
      ret_code_t (*uninit)(nrf_fstorage_t * p_fs, void * p_param);
..\..\..\..\..\components\libraries\fstorage\nrf_fstorage.h(173): error:  #90: function returning function is not allowed
      ret_code_t (*uninit)(nrf_fstorage_t * p_fs, void * p_param);
..\..\..\..\..\components\libraries\fstorage\nrf_fstorage.h(173): error:  #168: a function type is not allowed here
      ret_code_t (*uninit)(nrf_fstorage_t * p_fs, void * p_param);
..\..\..\..\..\components\libraries\fstorage\nrf_fstorage.h(173): error:  #101: "ret_code_t" has already been declared in the current scope
      ret_code_t (*uninit)(nrf_fstorage_t * p_fs, void * p_param);
..\..\..\..\..\components\libraries\fstorage\nrf_fstorage.h(175): error:  #79: expected a type specifier
      ret_code_t (*read)(nrf_fstorage_t const * p_fs, uint32_t src, void * p_dest, uint32_t len);
..\..\..\..\..\components\libraries\fstorage\nrf_fstorage.h(175): error:  #90: function returning function is not allowed
      ret_code_t (*read)(nrf_fstorage_t const * p_fs, uint32_t src, void * p_dest, uint32_t len);
..\..\..\..\..\components\libraries\fstorage\nrf_fstorage.h(175): error:  #168: a function type is not allowed here
      ret_code_t (*read)(nrf_fstorage_t const * p_fs, uint32_t src, void * p_dest, uint32_t len);
..\..\..\..\..\components\libraries\fstorage\nrf_fstorage.h(175): error:  #101: "ret_code_t" has already been declared in the current scope
      ret_code_t (*read)(nrf_fstorage_t const * p_fs, uint32_t src, void * p_dest, uint32_t len);
..\..\..\..\..\components\libraries\fstorage\nrf_fstorage.h(177): error:  #79: expected a type specifier
      ret_code_t (*write)(nrf_fstorage_t const * p_fs, uint32_t dest, void const * p_src, uint32_t len, void * p_param);
..\..\..\..\..\components\libraries\fstorage\nrf_fstorage.h(177): error:  #90: function returning function is not allowed
      ret_code_t (*write)(nrf_fstorage_t const * p_fs, uint32_t dest, void const * p_src, uint32_t len, void * p_param);
..\..\..\..\..\components\libraries\fstorage\nrf_fstorage.h(177): error:  #168: a function type is not allowed here
      ret_code_t (*write)(nrf_fstorage_t const * p_fs, uint32_t dest, void const * p_src, uint32_t len, void * p_param);
..\..\..\..\..\components\libraries\fstorage\nrf_fstorage.h(177): error:  #101: "ret_code_t" has already been declared in the current scope
      ret_code_t (*write)(nrf_fstorage_t const * p_fs, uint32_t dest, void const * p_src, uint32_t len, void * p_param);
..\..\..\..\..\components\libraries\fstorage\nrf_fstorage.h(179): error:  #79: expected a type specifier
      ret_code_t (*erase)(nrf_fstorage_t const * p_fs, uint32_t addr, uint32_t len, void * p_param);
..\..\..\..\..\components\libraries\fstorage\nrf_fstorage.h(179): error:  #90: function returning function is not allowed
      ret_code_t (*erase)(nrf_fstorage_t const * p_fs, uint32_t addr, uint32_t len, void * p_param);
..\..\..\..\..\components\libraries\fstorage\nrf_fstorage.h(179): error:  #168: a function type is not allowed here
      ret_code_t (*erase)(nrf_fstorage_t const * p_fs, uint32_t addr, uint32_t len, void * p_param);
..\..\..\..\..\components\libraries\fstorage\nrf_fstorage.h(179): error:  #101: "ret_code_t" has already been declared in the current scope
      ret_code_t (*erase)(nrf_fstorage_t const * p_fs, uint32_t addr, uint32_t len, void * p_param);
..\..\..\..\..\components\libraries\fstorage\nrf_fstorage.h(199): error:  #20: identifier "ret_code_t" is undefined
  ret_code_t nrf_fstorage_init(nrf_fstorage_t     * p_fs,
..\..\..\..\..\components\libraries\fstorage\nrf_fstorage.h(214): error:  #20: identifier "ret_code_t" is undefined
  ret_code_t nrf_fstorage_uninit(nrf_fstorage_t * p_fs, void * p_param);
..\..\..\..\..\components\libraries\bootloader\dfu\nrf_dfu_utils.c: 1 warning, 30 errors
compiling nrf_crypto_ecdh.c...
..\config\sdk_config.h(687): error:  #169: expected a declaration
..\config\sdk_config.h(687): error:  #10: "#" not expected here
..\..\..\..\..\components\libraries\util\sdk_errors.h(157): warning:  #12-D: parsing restarts here after previous syntax error
  typedef uint32_t ret_code_t;
..\..\..\..\..\components\libraries\crypto\nrf_crypto_ecdh.c: 1 warning, 2 errors
compiling nrf_crypto_ecdsa.c...
..\config\sdk_config.h(687): error:  #169: expected a declaration
..\config\sdk_config.h(687): error:  #10: "#" not expected here
..\..\..\..\..\components\libraries\util\sdk_errors.h(157): warning:  #12-D: parsing restarts here after previous syntax error
  typedef uint32_t ret_code_t;
..\..\..\..\..\components\libraries\crypto\nrf_crypto_ecdsa.c: 1 warning, 2 errors
compiling nrf_crypto_hash.c...
..\config\sdk_config.h(687): error:  #169: expected a declaration
..\config\sdk_config.h(687): error:  #10: "#" not expected here
..\..\..\..\..\components\libraries\util\sdk_errors.h(157): warning:  #12-D: parsing restarts here after previous syntax error
  typedef uint32_t ret_code_t;
..\..\..\..\..\components\libraries\sha256\sha256.h(88): error:  #20: identifier "ret_code_t" is undefined
  ret_code_t sha256_init(sha256_context_t *ctx);
..\..\..\..\..\components\libraries\sha256\sha256.h(102): error:  #20: identifier "ret_code_t" is undefined
  ret_code_t sha256_update(sha256_context_t *ctx, const uint8_t * data, const size_t len);
..\..\..\..\..\components\libraries\sha256\sha256.h(118): error:  #20: identifier "ret_code_t" is undefined
  ret_code_t sha256_final(sha256_context_t *ctx, uint8_t * hash, uint8_t le);
..\..\..\..\..\components\libraries\crypto\nrf_crypto_hash.c: 1 warning, 5 errors
compiling nrf_crypto_init.c...
..\config\sdk_config.h(687): error:  #169: expected a declaration
..\config\sdk_config.h(687): error:  #10: "#" not expected here
..\..\..\..\..\components\libraries\util\sdk_errors.h(157): warning:  #12-D: parsing restarts here after previous syntax error
  typedef uint32_t ret_code_t;
..\..\..\..\..\components\libraries\crypto\nrf_crypto_init.c: 1 warning, 2 errors
compiling nrf_crypto_keys.c...
..\config\sdk_config.h(687): error:  #169: expected a declaration
..\config\sdk_config.h(687): error:  #10: "#" not expected here
..\..\..\..\..\components\libraries\util\sdk_errors.h(157): warning:  #12-D: parsing restarts here after previous syntax error
  typedef uint32_t ret_code_t;
..\..\..\..\..\components\libraries\crypto\nrf_crypto_keys.c: 1 warning, 2 errors
compiling nrf_crypto_mem.c...
..\config\sdk_config.h(687): error:  #169: expected a declaration
..\config\sdk_config.h(687): error:  #10: "#" not expected here
..\..\..\..\..\components\libraries\util\sdk_errors.h(157): warning:  #12-D: parsing restarts here after previous syntax error
  typedef uint32_t ret_code_t;
..\..\..\..\..\components\libraries\crypto\nrf_crypto_mem.c: 1 warning, 2 errors
compiling nrf_crypto_rng.c...
..\config\sdk_config.h(687): error:  #169: expected a declaration
..\config\sdk_config.h(687): error:  #10: "#" not expected here
..\..\..\..\..\components\libraries\util\sdk_errors.h(157): warning:  #12-D: parsing restarts here after previous syntax error
  typedef uint32_t ret_code_t;
..\..\..\..\..\components\libraries\util\app_error.h(107): error:  #20: identifier "ret_code_t" is undefined
  void app_error_handler_bare(ret_code_t error_code);
..\..\..\..\..\components\drivers_nrf\rng\nrf_drv_rng.h(90): error:  #20: identifier "ret_code_t" is undefined
  ret_code_t nrf_drv_rng_init(nrf_drv_rng_config_t const * p_config);
..\..\..\..\..\components\drivers_nrf\rng\nrf_drv_rng.h(114): error:  #20: identifier "ret_code_t" is undefined
  ret_code_t nrf_drv_rng_rand(uint8_t * p_buff, uint8_t length);
..\..\..\..\..\components\libraries\crypto\nrf_crypto_rng.c: 1 warning, 5 errors
compiling micro_ecc_lib_init.c...
..\config\sdk_config.h(687): error:  #169: expected a declaration
..\config\sdk_config.h(687): error:  #10: "#" not expected here
..\..\..\..\..\components\libraries\util\sdk_errors.h(157): warning:  #12-D: parsing restarts here after previous syntax error
  typedef uint32_t ret_code_t;
..\..\..\..\..\components\libraries\crypto\backend\micro_ecc\micro_ecc_lib_init.c: 1 warning, 2 errors
compiling micro_ecc_lib_ecdsa.c...
..\config\sdk_config.h(687): error:  #169: expected a declaration
..\config\sdk_config.h(687): error:  #10: "#" not expected here
..\..\..\..\..\components\libraries\util\sdk_errors.h(157): warning:  #12-D: parsing restarts here after previous syntax error
  typedef uint32_t ret_code_t;
..\..\..\..\..\components\libraries\strerror\nrf_strerror.h(69): error:  #20: identifier "ret_code_t" is undefined
  char const * nrf_strerror_get(ret_code_t code);
..\..\..\..\..\components\libraries\strerror\nrf_strerror.h(81): error:  #20: identifier "ret_code_t" is undefined
  char const * nrf_strerror_find(ret_code_t code);
..\..\..\..\..\components\libraries\crypto\backend\micro_ecc\micro_ecc_lib_ecdsa.c: 1 warning, 4 errors
compiling micro_ecc_lib_ecdh.c...
..\config\sdk_config.h(687): error:  #169: expected a declaration
..\config\sdk_config.h(687): error:  #10: "#" not expected here
..\..\..\..\..\components\libraries\util\sdk_errors.h(157): warning:  #12-D: parsing restarts here after previous syntax error
  typedef uint32_t ret_code_t;
..\..\..\..\..\components\libraries\crypto\backend\micro_ecc\micro_ecc_lib_ecdh.c: 1 warning, 2 errors
compiling nrf_crypto_sw_hash.c...
..\config\sdk_config.h(687): error:  #169: expected a declaration
..\config\sdk_config.h(687): error:  #10: "#" not expected here
..\..\..\..\..\components\libraries\util\sdk_errors.h(157): warning:  #12-D: parsing restarts here after previous syntax error
  typedef uint32_t ret_code_t;
..\..\..\..\..\components\libraries\sha256\sha256.h(88): error:  #20: identifier "ret_code_t" is undefined
  ret_code_t sha256_init(sha256_context_t *ctx);
..\..\..\..\..\components\libraries\sha256\sha256.h(102): error:  #20: identifier "ret_code_t" is undefined
  ret_code_t sha256_update(sha256_context_t *ctx, const uint8_t * data, const size_t len);
..\..\..\..\..\components\libraries\sha256\sha256.h(118): error:  #20: identifier "ret_code_t" is undefined
  ret_code_t sha256_final(sha256_context_t *ctx, uint8_t * hash, uint8_t le);
..\..\..\..\..\components\libraries\strerror\nrf_strerror.h(69): error:  #20: identifier "ret_code_t" is undefined
  char const * nrf_strerror_get(ret_code_t code);
..\..\..\..\..\components\libraries\strerror\nrf_strerror.h(81): error:  #20: identifier "ret_code_t" is undefined
  char const * nrf_strerror_find(ret_code_t code);
..\..\..\..\..\components\libraries\crypto\backend\nrf_crypto_sw\nrf_crypto_sw_hash.c: 1 warning, 7 errors
compiling micro_ecc_lib_keys.c...
..\config\sdk_config.h(687): error:  #169: expected a declaration
..\config\sdk_config.h(687): error:  #10: "#" not expected here
..\..\..\..\..\components\libraries\util\sdk_errors.h(157): warning:  #12-D: parsing restarts here after previous syntax error
  typedef uint32_t ret_code_t;
..\..\..\..\..\components\libraries\crypto\backend\micro_ecc\micro_ecc_lib_keys.c: 1 warning, 2 errors
compiling micro_ecc_lib_shared.c...
..\config\sdk_config.h(687): error:  #169: expected a declaration
..\config\sdk_config.h(687): error:  #10: "#" not expected here
..\..\..\..\..\components\libraries\util\sdk_errors.h(157): warning:  #12-D: parsing restarts here after previous syntax error
  typedef uint32_t ret_code_t;
..\..\..\..\..\components\libraries\crypto\backend\micro_ecc\micro_ecc_lib_shared.c: 1 warning, 2 errors
compiling nrf_crypto_sw_rng.c...
..\config\sdk_config.h(687): error:  #169: expected a declaration
..\config\sdk_config.h(687): error:  #10: "#" not expected here
..\..\..\..\..\components\libraries\util\sdk_errors.h(157): warning:  #12-D: parsing restarts here after previous syntax error
  typedef uint32_t ret_code_t;
..\..\..\..\..\components\libraries\util\app_error.h(107): error:  #20: identifier "ret_code_t" is undefined
  void app_error_handler_bare(ret_code_t error_code);
..\..\..\..\..\components\drivers_nrf\rng\nrf_drv_rng.h(90): error:  #20: identifier "ret_code_t" is undefined
  ret_code_t nrf_drv_rng_init(nrf_drv_rng_config_t const * p_config);
..\..\..\..\..\components\drivers_nrf\rng\nrf_drv_rng.h(114): error:  #20: identifier "ret_code_t" is undefined
  ret_code_t nrf_drv_rng_rand(uint8_t * p_buff, uint8_t length);
..\..\..\..\..\components\libraries\crypto\backend\nrf_crypto_sw\nrf_crypto_sw_rng.c: 1 warning, 5 errors
compiling nrf_drv_clock.c...
..\config\sdk_config.h(687): error:  #169: expected a declaration
..\config\sdk_config.h(687): error:  #10: "#" not expected here
..\..\..\..\..\components\libraries\util\sdk_errors.h(157): warning:  #12-D: parsing restarts here after previous syntax error
  typedef uint32_t ret_code_t;
..\..\..\..\..\components\libraries\util\app_error.h(107): error:  #20: identifier "ret_code_t" is undefined
  void app_error_handler_bare(ret_code_t error_code);
..\..\..\..\..\components\drivers_nrf\clock\nrf_drv_clock.h(115): error:  #20: identifier "ret_code_t" is undefined
  ret_code_t nrf_drv_clock_init(void);
..\..\..\..\..\components\drivers_nrf\clock\nrf_drv_clock.h(220): error:  #20: identifier "ret_code_t" is undefined
  ret_code_t nrf_drv_clock_calibration_start(uint8_t delay, nrf_drv_clock_event_handler_t handler);
..\..\..\..\..\components\drivers_nrf\clock\nrf_drv_clock.h(233): error:  #20: identifier "ret_code_t" is undefined
  ret_code_t nrf_drv_clock_calibration_abort(void);
..\..\..\..\..\components\drivers_nrf\clock\nrf_drv_clock.h(246): error:  #20: identifier "ret_code_t" is undefined
  ret_code_t nrf_drv_clock_is_calibrating(bool * p_is_calibrating);
..\..\..\..\..\components\softdevice\common\nrf_sdh.h(230): error:  #20: identifier "ret_code_t" is undefined
  ret_code_t nrf_sdh_enable_request(void);
..\..\..\..\..\components\softdevice\common\nrf_sdh.h(245): error:  #20: identifier "ret_code_t" is undefined
  ret_code_t nrf_sdh_disable_request(void);
..\..\..\..\..\components\softdevice\common\nrf_sdh.h(257): error:  #20: identifier "ret_code_t" is undefined
  ret_code_t nrf_sdh_request_continue(void);
..\..\..\..\..\components\libraries\strerror\nrf_strerror.h(69): error:  #20: identifier "ret_code_t" is undefined
  char const * nrf_strerror_get(ret_code_t code);
..\..\..\..\..\components\libraries\strerror\nrf_strerror.h(81): error:  #20: identifier "ret_code_t" is undefined
  char const * nrf_strerror_find(ret_code_t code);
..\..\..\..\..\components\drivers_nrf\clock\nrf_drv_clock.c(177): error:  #20: identifier "ret_code_t" is undefined
  ret_code_t nrf_drv_clock_init(void)
..\..\..\..\..\components\drivers_nrf\clock\nrf_drv_clock.c(179): error:  #20: identifier "ret_code_t" is undefined
      ret_code_t err_code = NRF_SUCCESS;
..\..\..\..\..\components\drivers_nrf\clock\nrf_drv_clock.c(395): error:  #20: identifier "ret_code_t" is undefined
  ret_code_t nrf_drv_clock_calibration_start(uint8_t interval, nrf_drv_clock_event_handler_t handler)
..\..\..\..\..\components\drivers_nrf\clock\nrf_drv_clock.c(397): error:  #20: identifier "ret_code_t" is undefined
      ret_code_t err_code = NRF_SUCCESS;
..\..\..\..\..\components\drivers_nrf\clock\nrf_drv_clock.c(435): error:  #20: identifier "ret_code_t" is undefined
  ret_code_t nrf_drv_clock_calibration_abort(void)
..\..\..\..\..\components\drivers_nrf\clock\nrf_drv_clock.c(437): error:  #20: identifier "ret_code_t" is undefined
      ret_code_t err_code = NRF_SUCCESS;
..\..\..\..\..\components\drivers_nrf\clock\nrf_drv_clock.c(470): error:  #20: identifier "ret_code_t" is undefined
  ret_code_t nrf_drv_clock_is_calibrating(bool * p_is_calibrating)
..\..\..\..\..\components\drivers_nrf\clock\nrf_drv_clock.c(472): error:  #20: identifier "ret_code_t" is undefined
      ret_code_t err_code = NRF_SUCCESS;
..\..\..\..\..\components\drivers_nrf\clock\nrf_drv_clock.c: 1 warning, 20 errors
compiling nrf_drv_common.c...
..\config\sdk_config.h(687): error:  #169: expected a declaration
..\config\sdk_config.h(687): error:  #10: "#" not expected here
..\..\..\..\..\components\libraries\util\sdk_errors.h(157): warning:  #12-D: parsing restarts here after previous syntax error
  typedef uint32_t ret_code_t;
..\..\..\..\..\components\libraries\util\app_error.h(107): error:  #20: identifier "ret_code_t" is undefined
  void app_error_handler_bare(ret_code_t error_code);
..\..\..\..\..\components\drivers_nrf\common\nrf_drv_common.c: 1 warning, 3 errors
compiling nrf_nvmc.c...
compiling nrf_drv_rng.c...
..\config\sdk_config.h(687): error:  #169: expected a declaration
..\config\sdk_config.h(687): error:  #10: "#" not expected here
..\..\..\..\..\components\libraries\util\sdk_errors.h(157): warning:  #12-D: parsing restarts here after previous syntax error
  typedef uint32_t ret_code_t;
..\..\..\..\..\components\drivers_nrf\rng\nrf_drv_rng.c: 1 warning, 2 errors
compiling app_error_weak.c...
..\config\sdk_config.h(687): error:  #169: expected a declaration
..\config\sdk_config.h(687): error:  #10: "#" not expected here
..\..\..\..\..\components\libraries\util\sdk_errors.h(157): warning:  #12-D: parsing restarts here after previous syntax error
  typedef uint32_t ret_code_t;
..\..\..\..\..\components\libraries\util\app_error.h(107): error:  #20: identifier "ret_code_t" is undefined
  void app_error_handler_bare(ret_code_t error_code);
..\..\..\..\..\components\libraries\strerror\nrf_strerror.h(69): error:  #20: identifier "ret_code_t" is undefined
  char const * nrf_strerror_get(ret_code_t code);
..\..\..\..\..\components\libraries\strerror\nrf_strerror.h(81): error:  #20: identifier "ret_code_t" is undefined
  char const * nrf_strerror_find(ret_code_t code);
..\..\..\..\..\components\libraries\balloc\nrf_balloc.h(269): error:  #20: identifier "ret_code_t" is undefined
  ret_code_t nrf_balloc_init(nrf_balloc_t const * p_pool);
..\..\..\..\..\components\libraries\experimental_memobj\nrf_memobj.h(109): error:  #20: identifier "ret_code_t" is undefined
  ret_code_t nrf_memobj_pool_init(nrf_memobj_pool_t const * p_pool);
..\..\..\..\..\components\libraries\experimental_log\nrf_log_ctrl.h(130): error:  #20: identifier "ret_code_t" is undefined
  ret_code_t nrf_log_init(nrf_log_timestamp_func_t timestamp_func);
..\..\..\..\..\components\libraries\util\app_error_weak.c: 1 warning, 8 errors
compiling app_util_platform.c...
..\config\sdk_config.h(687): error:  #169: expected a declaration
..\config\sdk_config.h(687): error:  #10: "#" not expected here
..\..\..\..\..\components\libraries\util\sdk_errors.h(157): warning:  #12-D: parsing restarts here after previous syntax error
  typedef uint32_t ret_code_t;
..\..\..\..\..\components\libraries\util\app_error.h(107): error:  #20: identifier "ret_code_t" is undefined
  void app_error_handler_bare(ret_code_t error_code);
..\..\..\..\..\components\libraries\util\app_util_platform.c: 1 warning, 3 errors
compiling app_timer.c...
..\config\sdk_config.h(687): error:  #169: expected a declaration
..\config\sdk_config.h(687): error:  #10: "#" not expected here
..\..\..\..\..\components\libraries\util\sdk_errors.h(157): warning:  #12-D: parsing restarts here after previous syntax error
  typedef uint32_t ret_code_t;
..\..\..\..\..\components\libraries\util\app_error.h(107): error:  #20: identifier "ret_code_t" is undefined
  void app_error_handler_bare(ret_code_t error_code);
..\..\..\..\..\components\libraries\timer\app_timer.h(148): error:  #20: identifier "ret_code_t" is undefined
  ret_code_t app_timer_init(void);
..\..\..\..\..\components\libraries\timer\app_timer.h(169): error:  #20: identifier "ret_code_t" is undefined
  ret_code_t app_timer_create(app_timer_id_t const *      p_timer_id,
..\..\..\..\..\components\libraries\timer\app_timer.h(193): error:  #20: identifier "ret_code_t" is undefined
  ret_code_t app_timer_start(app_timer_id_t timer_id, uint32_t timeout_ticks, void * p_context);
..\..\..\..\..\components\libraries\timer\app_timer.h(205): error:  #20: identifier "ret_code_t" is undefined
  ret_code_t app_timer_stop(app_timer_id_t timer_id);
..\..\..\..\..\components\libraries\timer\app_timer.h(213): error:  #20: identifier "ret_code_t" is undefined
  ret_code_t app_timer_stop_all(void);
..\..\..\..\..\components\libraries\timer\app_timer.c(926): error:  #20: identifier "ret_code_t" is undefined
  ret_code_t app_timer_init(void)
..\..\..\..\..\components\libraries\timer\app_timer.c(956): error:  #20: identifier "ret_code_t" is undefined
  ret_code_t app_timer_create(app_timer_id_t const *      p_timer_id,
..\..\..\..\..\components\libraries\timer\app_timer.c(983): error:  #20: identifier "ret_code_t" is undefined
  ret_code_t app_timer_start(app_timer_id_t timer_id, uint32_t timeout_ticks, void * p_context)
..\..\..\..\..\components\libraries\timer\app_timer.c(1014): error:  #20: identifier "ret_code_t" is undefined
  ret_code_t app_timer_stop(app_timer_id_t timer_id)
..\..\..\..\..\components\libraries\timer\app_timer.c(1032): error:  #20: identifier "ret_code_t" is undefined
  ret_code_t app_timer_stop_all(void)
..\..\..\..\..\components\libraries\timer\app_timer.c: 1 warning, 13 errors
compiling app_scheduler.c...
..\config\sdk_config.h(687): error:  #169: expected a declaration
..\config\sdk_config.h(687): error:  #10: "#" not expected here
..\..\..\..\..\components\libraries\util\sdk_errors.h(157): warning:  #12-D: parsing restarts here after previous syntax error
  typedef uint32_t ret_code_t;
..\..\..\..\..\components\libraries\util\app_error.h(107): error:  #20: identifier "ret_code_t" is undefined
  void app_error_handler_bare(ret_code_t error_code);
..\..\..\..\..\components\libraries\scheduler\app_scheduler.c: 1 warning, 3 errors
compiling crc32.c...
..\config\sdk_config.h(687): error:  #169: expected a declaration
..\config\sdk_config.h(687): error:  #10: "#" not expected here
..\..\..\..\..\components\libraries\util\sdk_errors.h(157): warning:  #12-D: parsing restarts here after previous syntax error
  typedef uint32_t ret_code_t;
..\..\..\..\..\components\libraries\crc32\crc32.c: 1 warning, 2 errors
compiling hci_mem_pool.c...
..\config\sdk_config.h(687): error:  #169: expected a declaration
..\config\sdk_config.h(687): error:  #10: "#" not expected here
..\..\..\..\..\components\libraries\util\sdk_errors.h(157): warning:  #12-D: parsing restarts here after previous syntax error
  typedef uint32_t ret_code_t;
..\..\..\..\..\components\libraries\hci\hci_mem_pool.c: 1 warning, 2 errors
compiling mem_manager.c...
..\config\sdk_config.h(687): error:  #169: expected a declaration
..\config\sdk_config.h(687): error:  #10: "#" not expected here
..\..\..\..\..\components\libraries\util\sdk_errors.h(157): warning:  #12-D: parsing restarts here after previous syntax error
  typedef uint32_t ret_code_t;
..\..\..\..\..\components\libraries\util\app_error.h(107): error:  #20: identifier "ret_code_t" is undefined
  void app_error_handler_bare(ret_code_t error_code);
..\..\..\..\..\components\libraries\strerror\nrf_strerror.h(69): error:  #20: identifier "ret_code_t" is undefined
  char const * nrf_strerror_get(ret_code_t code);
..\..\..\..\..\components\libraries\strerror\nrf_strerror.h(81): error:  #20: identifier "ret_code_t" is undefined
  char const * nrf_strerror_find(ret_code_t code);
..\..\..\..\..\components\libraries\mem_manager\mem_manager.c: 1 warning, 5 errors
compiling nrf_assert.c...
..\config\sdk_config.h(687): error:  #169: expected a declaration
..\config\sdk_config.h(687): error:  #10: "#" not expected here
..\..\..\..\..\components\libraries\util\sdk_errors.h(157): warning:  #12-D: parsing restarts here after previous syntax error
  typedef uint32_t ret_code_t;
..\..\..\..\..\components\libraries\util\app_error.h(107): error:  #20: identifier "ret_code_t" is undefined
  void app_error_handler_bare(ret_code_t error_code);
..\..\..\..\..\components\libraries\util\nrf_assert.c: 1 warning, 3 errors
compiling nrf_atfifo.c...
..\config\sdk_config.h(687): error:  #169: expected a declaration
..\config\sdk_config.h(687): error:  #10: "#" not expected here
..\..\..\..\..\components\libraries\util\sdk_errors.h(157): warning:  #12-D: parsing restarts here after previous syntax error
  typedef uint32_t ret_code_t;
..\..\..\..\..\components\libraries\util\app_error.h(107): error:  #20: identifier "ret_code_t" is undefined
  void app_error_handler_bare(ret_code_t error_code);
..\..\..\..\..\components\libraries\atomic_fifo\nrf_atfifo.h(275): error:  #20: identifier "ret_code_t" is undefined
  ret_code_t nrf_atfifo_init(nrf_atfifo_t * const p_fifo, void * p_buf, uint16_t buf_size, uint16_t item_size);
..\..\..\..\..\components\libraries\atomic_fifo\nrf_atfifo.h(303): error:  #20: identifier "ret_code_t" is undefined
  ret_code_t nrf_atfifo_clear(nrf_atfifo_t * const p_fifo);
..\..\..\..\..\components\libraries\atomic_fifo\nrf_atfifo.h(326): error:  #20: identifier "ret_code_t" is undefined
  ret_code_t nrf_atfifo_alloc_put(nrf_atfifo_t * const p_fifo, void const * const p_var, size_t size, bool * const p_visible);
..\..\..\..\..\components\libraries\atomic_fifo\nrf_atfifo.h(371): error:  #20: identifier "ret_code_t" is undefined
  ret_code_t nrf_atfifo_get_free(nrf_atfifo_t * const p_fifo, void * const p_var, size_t size, bool * p_released);
..\..\..\..\..\components\libraries\atomic_fifo\nrf_atfifo.c(51): error:  #20: identifier "ret_code_t" is undefined
  ret_code_t nrf_atfifo_init(nrf_atfifo_t * const p_fifo, void * p_buf, uint16_t buf_size, uint16_t item_size)
..\..\..\..\..\components\libraries\atomic_fifo\nrf_atfifo.c(72): error:  #20: identifier "ret_code_t" is undefined
  ret_code_t nrf_atfifo_clear(nrf_atfifo_t * const p_fifo)
..\..\..\..\..\components\libraries\atomic_fifo\nrf_atfifo.c(79): error:  #20: identifier "ret_code_t" is undefined
  ret_code_t nrf_atfifo_alloc_put(nrf_atfifo_t * const p_fifo, void const * p_var, size_t size, bool * const p_visible)
..\..\..\..\..\components\libraries\atomic_fifo\nrf_atfifo.c(121): error:  #20: identifier "ret_code_t" is undefined
  ret_code_t nrf_atfifo_get_free(nrf_atfifo_t * const p_fifo, void * const p_var, size_t size, bool * p_released)
..\..\..\..\..\components\libraries\atomic_fifo\nrf_atfifo.c: 1 warning, 11 errors
compiling nrf_balloc.c...
..\config\sdk_config.h(687): error:  #169: expected a declaration
..\config\sdk_config.h(687): error:  #10: "#" not expected here
..\..\..\..\..\components\libraries\util\sdk_errors.h(157): warning:  #12-D: parsing restarts here after previous syntax error
  typedef uint32_t ret_code_t;
..\..\..\..\..\components\libraries\util\app_error.h(107): error:  #20: identifier "ret_code_t" is undefined
  void app_error_handler_bare(ret_code_t error_code);
..\..\..\..\..\components\libraries\balloc\nrf_balloc.h(269): error:  #20: identifier "ret_code_t" is undefined
  ret_code_t nrf_balloc_init(nrf_balloc_t const * p_pool);
..\..\..\..\..\components\libraries\strerror\nrf_strerror.h(69): error:  #20: identifier "ret_code_t" is undefined
  char const * nrf_strerror_get(ret_code_t code);
..\..\..\..\..\components\libraries\strerror\nrf_strerror.h(81): error:  #20: identifier "ret_code_t" is undefined
  char const * nrf_strerror_find(ret_code_t code);
..\..\..\..\..\components\libraries\balloc\nrf_balloc.c(192): error:  #20: identifier "ret_code_t" is undefined
  ret_code_t nrf_balloc_init(nrf_balloc_t const * p_pool)
..\..\..\..\..\components\libraries\balloc\nrf_balloc.c: 1 warning, 7 errors
compiling nrf_fstorage.c...
..\config\sdk_config.h(687): error:  #169: expected a declaration
..\config\sdk_config.h(687): error:  #10: "#" not expected here
..\..\..\..\..\components\libraries\fstorage\nrf_fstorage.c: 0 warnings, 2 errors
compiling nrf_fprintf_format.c...
..\config\sdk_config.h(687): error:  #169: expected a declaration
..\config\sdk_config.h(687): error:  #10: "#" not expected here
..\..\..\..\..\components\libraries\util\sdk_errors.h(157): warning:  #12-D: parsing restarts here after previous syntax error
  typedef uint32_t ret_code_t;
..\..\..\..\..\components\libraries\util\app_error.h(107): error:  #20: identifier "ret_code_t" is undefined
  void app_error_handler_bare(ret_code_t error_code);
..\..\..\..\..\external\fprintf\nrf_fprintf_format.c: 1 warning, 3 errors
compiling nrf_fstorage_nvmc.c...
..\config\sdk_config.h(687): error:  #169: expected a declaration
..\config\sdk_config.h(687): error:  #10: "#" not expected here
..\..\..\..\..\components\libraries\util\sdk_errors.h(157): warning:  #12-D: parsing restarts here after previous syntax error
  typedef uint32_t ret_code_t;
..\..\..\..\..\components\libraries\fstorage\nrf_fstorage.h(100): error:  #20: identifier "ret_code_t" is undefined
      ret_code_t              result;     //!< Result of the operation.
..\..\..\..\..\components\libraries\fstorage\nrf_fstorage.h(171): error:  #79: expected a type specifier
      ret_code_t (*init)(nrf_fstorage_t * p_fs, void * p_param);
..\..\..\..\..\components\libraries\fstorage\nrf_fstorage.h(171): error:  #90: function returning function is not allowed
      ret_code_t (*init)(nrf_fstorage_t * p_fs, void * p_param);
..\..\..\..\..\components\libraries\fstorage\nrf_fstorage.h(171): error:  #168: a function type is not allowed here
      ret_code_t (*init)(nrf_fstorage_t * p_fs, void * p_param);
..\..\..\..\..\components\libraries\fstorage\nrf_fstorage.h(173): error:  #79: expected a type specifier
      ret_code_t (*uninit)(nrf_fstorage_t * p_fs, void * p_param);
..\..\..\..\..\components\libraries\fstorage\nrf_fstorage.h(173): error:  #90: function returning function is not allowed
      ret_code_t (*uninit)(nrf_fstorage_t * p_fs, void * p_param);
..\..\..\..\..\components\libraries\fstorage\nrf_fstorage.h(173): error:  #168: a function type is not allowed here
      ret_code_t (*uninit)(nrf_fstorage_t * p_fs, void * p_param);
..\..\..\..\..\components\libraries\fstorage\nrf_fstorage.h(173): error:  #101: "ret_code_t" has already been declared in the current scope
      ret_code_t (*uninit)(nrf_fstorage_t * p_fs, void * p_param);
..\..\..\..\..\components\libraries\fstorage\nrf_fstorage.h(175): error:  #79: expected a type specifier
      ret_code_t (*read)(nrf_fstorage_t const * p_fs, uint32_t src, void * p_dest, uint32_t len);
..\..\..\..\..\components\libraries\fstorage\nrf_fstorage.h(175): error:  #90: function returning function is not allowed
      ret_code_t (*read)(nrf_fstorage_t const * p_fs, uint32_t src, void * p_dest, uint32_t len);
..\..\..\..\..\components\libraries\fstorage\nrf_fstorage.h(175): error:  #168: a function type is not allowed here
      ret_code_t (*read)(nrf_fstorage_t const * p_fs, uint32_t src, void * p_dest, uint32_t len);
..\..\..\..\..\components\libraries\fstorage\nrf_fstorage.h(175): error:  #101: "ret_code_t" has already been declared in the current scope
      ret_code_t (*read)(nrf_fstorage_t const * p_fs, uint32_t src, void * p_dest, uint32_t len);
..\..\..\..\..\components\libraries\fstorage\nrf_fstorage.h(177): error:  #79: expected a type specifier
      ret_code_t (*write)(nrf_fstorage_t const * p_fs, uint32_t dest, void const * p_src, uint32_t len, void * p_param);
..\..\..\..\..\components\libraries\fstorage\nrf_fstorage.h(177): error:  #90: function returning function is not allowed
      ret_code_t (*write)(nrf_fstorage_t const * p_fs, uint32_t dest, void const * p_src, uint32_t len, void * p_param);
..\..\..\..\..\components\libraries\fstorage\nrf_fstorage.h(177): error:  #168: a function type is not allowed here
      ret_code_t (*write)(nrf_fstorage_t const * p_fs, uint32_t dest, void const * p_src, uint32_t len, void * p_param);
..\..\..\..\..\components\libraries\fstorage\nrf_fstorage.h(177): error:  #101: "ret_code_t" has already been declared in the current scope
      ret_code_t (*write)(nrf_fstorage_t const * p_fs, uint32_t dest, void const * p_src, uint32_t len, void * p_param);
..\..\..\..\..\components\libraries\fstorage\nrf_fstorage.h(179): error:  #79: expected a type specifier
      ret_code_t (*erase)(nrf_fstorage_t const * p_fs, uint32_t addr, uint32_t len, void * p_param);
..\..\..\..\..\components\libraries\fstorage\nrf_fstorage.h(179): error:  #90: function returning function is not allowed
      ret_code_t (*erase)(nrf_fstorage_t const * p_fs, uint32_t addr, uint32_t len, void * p_param);
..\..\..\..\..\components\libraries\fstorage\nrf_fstorage.h(179): error:  #168: a function type is not allowed here
      ret_code_t (*erase)(nrf_fstorage_t const * p_fs, uint32_t addr, uint32_t len, void * p_param);
..\..\..\..\..\components\libraries\fstorage\nrf_fstorage.h(179): error:  #101: "ret_code_t" has already been declared in the current scope
      ret_code_t (*erase)(nrf_fstorage_t const * p_fs, uint32_t addr, uint32_t len, void * p_param);
..\..\..\..\..\components\libraries\fstorage\nrf_fstorage.h(199): error:  #20: identifier "ret_code_t" is undefined
  ret_code_t nrf_fstorage_init(nrf_fstorage_t     * p_fs,
..\..\..\..\..\components\libraries\fstorage\nrf_fstorage.h(214): error:  #20: identifier "ret_code_t" is undefined
  ret_code_t nrf_fstorage_uninit(nrf_fstorage_t * p_fs, void * p_param);
..\..\..\..\..\components\libraries\fstorage\nrf_fstorage.h(233): error:  #20: identifier "ret_code_t" is undefined
  ret_code_t nrf_fstorage_read(nrf_fstorage_t const * p_fs,
..\..\..\..\..\components\libraries\fstorage\nrf_fstorage.h(267): error:  #20: identifier "ret_code_t" is undefined
  ret_code_t nrf_fstorage_write(nrf_fstorage_t const * p_fs,
..\..\..\..\..\components\libraries\fstorage\nrf_fstorage.h(294): error:  #20: identifier "ret_code_t" is undefined
  ret_code_t nrf_fstorage_erase(nrf_fstorage_t const * p_fs,
..\..\..\..\..\components\libraries\fstorage\nrf_fstorage_nvmc.c(95): error:  #20: identifier "ret_code_t" is undefined
  static ret_code_t init(nrf_fstorage_t * p_fs, void * p_param)
..\..\..\..\..\components\libraries\fstorage\nrf_fstorage_nvmc.c(105): error:  #20: identifier "ret_code_t" is undefined
  static ret_code_t uninit(nrf_fstorage_t * p_fs, void * p_param)
..\..\..\..\..\components\libraries\fstorage\nrf_fstorage_nvmc.c(116): error:  #20: identifier "ret_code_t" is undefined
  static ret_code_t read(nrf_fstorage_t const * p_fs, uint32_t src, void * p_dest, uint32_t len)
..\..\..\..\..\components\libraries\fstorage\nrf_fstorage_nvmc.c: 1 warning, 30 errors
compiling nrf_fprintf.c...
..\config\sdk_config.h(687): error:  #169: expected a declaration
..\config\sdk_config.h(687): error:  #10: "#" not expected here
..\..\..\..\..\components\libraries\util\sdk_errors.h(157): warning:  #12-D: parsing restarts here after previous syntax error
  typedef uint32_t ret_code_t;
..\..\..\..\..\components\libraries\util\app_error.h(107): error:  #20: identifier "ret_code_t" is undefined
  void app_error_handler_bare(ret_code_t error_code);
..\..\..\..\..\external\fprintf\nrf_fprintf.c: 1 warning, 3 errors
compiling nrf_fstorage_sd.c...
..\config\sdk_config.h(687): error:  #169: expected a declaration
..\config\sdk_config.h(687): error:  #10: "#" not expected here
..\..\..\..\..\components\libraries\util\sdk_errors.h(157): warning:  #12-D: parsing restarts here after previous syntax error
  typedef uint32_t ret_code_t;
..\..\..\..\..\components\libraries\fstorage\nrf_fstorage.h(100): error:  #20: identifier "ret_code_t" is undefined
      ret_code_t              result;     //!< Result of the operation.
..\..\..\..\..\components\libraries\fstorage\nrf_fstorage.h(171): error:  #79: expected a type specifier
      ret_code_t (*init)(nrf_fstorage_t * p_fs, void * p_param);
..\..\..\..\..\components\libraries\fstorage\nrf_fstorage.h(171): error:  #90: function returning function is not allowed
      ret_code_t (*init)(nrf_fstorage_t * p_fs, void * p_param);
..\..\..\..\..\components\libraries\fstorage\nrf_fstorage.h(171): error:  #168: a function type is not allowed here
      ret_code_t (*init)(nrf_fstorage_t * p_fs, void * p_param);
..\..\..\..\..\components\libraries\fstorage\nrf_fstorage.h(173): error:  #79: expected a type specifier
      ret_code_t (*uninit)(nrf_fstorage_t * p_fs, void * p_param);
..\..\..\..\..\components\libraries\fstorage\nrf_fstorage.h(173): error:  #90: function returning function is not allowed
      ret_code_t (*uninit)(nrf_fstorage_t * p_fs, void * p_param);
..\..\..\..\..\components\libraries\fstorage\nrf_fstorage.h(173): error:  #168: a function type is not allowed here
      ret_code_t (*uninit)(nrf_fstorage_t * p_fs, void * p_param);
..\..\..\..\..\components\libraries\fstorage\nrf_fstorage.h(173): error:  #101: "ret_code_t" has already been declared in the current scope
      ret_code_t (*uninit)(nrf_fstorage_t * p_fs, void * p_param);
..\..\..\..\..\components\libraries\fstorage\nrf_fstorage.h(175): error:  #79: expected a type specifier
      ret_code_t (*read)(nrf_fstorage_t const * p_fs, uint32_t src, void * p_dest, uint32_t len);
..\..\..\..\..\components\libraries\fstorage\nrf_fstorage.h(175): error:  #90: function returning function is not allowed
      ret_code_t (*read)(nrf_fstorage_t const * p_fs, uint32_t src, void * p_dest, uint32_t len);
..\..\..\..\..\components\libraries\fstorage\nrf_fstorage.h(175): error:  #168: a function type is not allowed here
      ret_code_t (*read)(nrf_fstorage_t const * p_fs, uint32_t src, void * p_dest, uint32_t len);
..\..\..\..\..\components\libraries\fstorage\nrf_fstorage.h(175): error:  #101: "ret_code_t" has already been declared in the current scope
      ret_code_t (*read)(nrf_fstorage_t const * p_fs, uint32_t src, void * p_dest, uint32_t len);
..\..\..\..\..\components\libraries\fstorage\nrf_fstorage.h(177): error:  #79: expected a type specifier
      ret_code_t (*write)(nrf_fstorage_t const * p_fs, uint32_t dest, void const * p_src, uint32_t len, void * p_param);
..\..\..\..\..\components\libraries\fstorage\nrf_fstorage.h(177): error:  #90: function returning function is not allowed
      ret_code_t (*write)(nrf_fstorage_t const * p_fs, uint32_t dest, void const * p_src, uint32_t len, void * p_param);
..\..\..\..\..\components\libraries\fstorage\nrf_fstorage.h(177): error:  #168: a function type is not allowed here
      ret_code_t (*write)(nrf_fstorage_t const * p_fs, uint32_t dest, void const * p_src, uint32_t len, void * p_param);
..\..\..\..\..\components\libraries\fstorage\nrf_fstorage.h(177): error:  #101: "ret_code_t" has already been declared in the current scope
      ret_code_t (*write)(nrf_fstorage_t const * p_fs, uint32_t dest, void const * p_src, uint32_t len, void * p_param);
..\..\..\..\..\components\libraries\fstorage\nrf_fstorage.h(179): error:  #79: expected a type specifier
      ret_code_t (*erase)(nrf_fstorage_t const * p_fs, uint32_t addr, uint32_t len, void * p_param);
..\..\..\..\..\components\libraries\fstorage\nrf_fstorage.h(179): error:  #90: function returning function is not allowed
      ret_code_t (*erase)(nrf_fstorage_t const * p_fs, uint32_t addr, uint32_t len, void * p_param);
..\..\..\..\..\components\libraries\fstorage\nrf_fstorage.h(179): error:  #168: a function type is not allowed here
      ret_code_t (*erase)(nrf_fstorage_t const * p_fs, uint32_t addr, uint32_t len, void * p_param);
..\..\..\..\..\components\libraries\fstorage\nrf_fstorage.h(179): error:  #101: "ret_code_t" has already been declared in the current scope
      ret_code_t (*erase)(nrf_fstorage_t const * p_fs, uint32_t addr, uint32_t len, void * p_param);
..\..\..\..\..\components\libraries\fstorage\nrf_fstorage.h(199): error:  #20: identifier "ret_code_t" is undefined
  ret_code_t nrf_fstorage_init(nrf_fstorage_t     * p_fs,
..\..\..\..\..\components\libraries\fstorage\nrf_fstorage.h(214): error:  #20: identifier "ret_code_t" is undefined
  ret_code_t nrf_fstorage_uninit(nrf_fstorage_t * p_fs, void * p_param);
..\..\..\..\..\components\libraries\fstorage\nrf_fstorage.h(233): error:  #20: identifier "ret_code_t" is undefined
  ret_code_t nrf_fstorage_read(nrf_fstorage_t const * p_fs,
..\..\..\..\..\components\libraries\fstorage\nrf_fstorage.h(267): error:  #20: identifier "ret_code_t" is undefined
  ret_code_t nrf_fstorage_write(nrf_fstorage_t const * p_fs,
..\..\..\..\..\components\libraries\fstorage\nrf_fstorage.h(294): error:  #20: identifier "ret_code_t" is undefined
  ret_code_t nrf_fstorage_erase(nrf_fstorage_t const * p_fs,
..\..\..\..\..\components\libraries\util\app_error.h(107): error:  #20: identifier "ret_code_t" is undefined
  void app_error_handler_bare(ret_code_t error_code);
..\..\..\..\..\components\softdevice\common\nrf_sdh.h(230): error:  #20: identifier "ret_code_t" is undefined
  ret_code_t nrf_sdh_enable_request(void);
..\..\..\..\..\components\softdevice\common\nrf_sdh.h(245): error:  #20: identifier "ret_code_t" is undefined
  ret_code_t nrf_sdh_disable_request(void);
..\..\..\..\..\components\libraries\fstorage\nrf_fstorage_sd.c: 1 warning, 30 errors
compiling nrf_queue.c...
..\config\sdk_config.h(687): error:  #169: expected a declaration
..\config\sdk_config.h(687): error:  #10: "#" not expected here
..\..\..\..\..\components\libraries\util\sdk_errors.h(157): warning:  #12-D: parsing restarts here after previous syntax error
  typedef uint32_t ret_code_t;
..\..\..\..\..\components\libraries\queue\nrf_queue.c: 1 warning, 2 errors
compiling nrf_memobj.c...
..\config\sdk_config.h(687): error:  #169: expected a declaration
..\config\sdk_config.h(687): error:  #10: "#" not expected here
..\..\..\..\..\components\libraries\util\sdk_errors.h(157): warning:  #12-D: parsing restarts here after previous syntax error
  typedef uint32_t ret_code_t;
..\..\..\..\..\components\libraries\util\app_error.h(107): error:  #20: identifier "ret_code_t" is undefined
  void app_error_handler_bare(ret_code_t error_code);
..\..\..\..\..\components\libraries\balloc\nrf_balloc.h(269): error:  #20: identifier "ret_code_t" is undefined
  ret_code_t nrf_balloc_init(nrf_balloc_t const * p_pool);
..\..\..\..\..\components\libraries\experimental_memobj\nrf_memobj.h(109): error:  #20: identifier "ret_code_t" is undefined
  ret_code_t nrf_memobj_pool_init(nrf_memobj_pool_t const * p_pool);
..\..\..\..\..\components\libraries\experimental_memobj\nrf_memobj.c(83): error:  #20: identifier "ret_code_t" is undefined
  ret_code_t nrf_memobj_pool_init(nrf_memobj_pool_t const * p_pool)
..\..\..\..\..\components\libraries\experimental_memobj\nrf_memobj.c: 1 warning, 6 errors
compiling sha256.c...
..\config\sdk_config.h(687): error:  #169: expected a declaration
..\config\sdk_config.h(687): error:  #10: "#" not expected here
..\..\..\..\..\components\libraries\util\sdk_errors.h(157): warning:  #12-D: parsing restarts here after previous syntax error
  typedef uint32_t ret_code_t;
..\..\..\..\..\components\libraries\sha256\sha256.h(88): error:  #20: identifier "ret_code_t" is undefined
  ret_code_t sha256_init(sha256_context_t *ctx);
..\..\..\..\..\components\libraries\sha256\sha256.h(102): error:  #20: identifier "ret_code_t" is undefined
  ret_code_t sha256_update(sha256_context_t *ctx, const uint8_t * data, const size_t len);
..\..\..\..\..\components\libraries\sha256\sha256.h(118): error:  #20: identifier "ret_code_t" is undefined
  ret_code_t sha256_final(sha256_context_t *ctx, uint8_t * hash, uint8_t le);
..\..\..\..\..\components\libraries\sha256\sha256.c(116): error:  #20: identifier "ret_code_t" is undefined
  ret_code_t sha256_init(sha256_context_t *ctx)
..\..\..\..\..\components\libraries\sha256\sha256.c(135): error:  #20: identifier "ret_code_t" is undefined
  ret_code_t sha256_update(sha256_context_t *ctx, const uint8_t * data, size_t len)
..\..\..\..\..\components\libraries\sha256\sha256.c(159): error:  #20: identifier "ret_code_t" is undefined
  ret_code_t sha256_final(sha256_context_t *ctx, uint8_t * hash, uint8_t le)
..\..\..\..\..\components\libraries\sha256\sha256.c: 1 warning, 8 errors
compiling nrf_section_iter.c...
..\config\sdk_config.h(687): error:  #169: expected a declaration
..\config\sdk_config.h(687): error:  #10: "#" not expected here
..\..\..\..\..\components\libraries\util\sdk_errors.h(157): warning:  #12-D: parsing restarts here after previous syntax error
  typedef uint32_t ret_code_t;
..\..\..\..\..\components\libraries\util\app_error.h(107): error:  #20: identifier "ret_code_t" is undefined
  void app_error_handler_bare(ret_code_t error_code);
..\..\..\..\..\components\libraries\experimental_section_vars\nrf_section_iter.c: 1 warning, 3 errors
compiling nrf_strerror.c...
..\config\sdk_config.h(687): error:  #169: expected a declaration
..\config\sdk_config.h(687): error:  #10: "#" not expected here
..\..\..\..\..\components\libraries\util\sdk_errors.h(157): warning:  #12-D: parsing restarts here after previous syntax error
  typedef uint32_t ret_code_t;
..\..\..\..\..\components\libraries\strerror\nrf_strerror.h(69): error:  #20: identifier "ret_code_t" is undefined
  char const * nrf_strerror_get(ret_code_t code);
..\..\..\..\..\components\libraries\strerror\nrf_strerror.h(81): error:  #20: identifier "ret_code_t" is undefined
  char const * nrf_strerror_find(ret_code_t code);
..\..\..\..\..\components\libraries\strerror\nrf_strerror.c(57): error:  #20: identifier "ret_code_t" is undefined
      ret_code_t   code; /**< Error code. */
..\..\..\..\..\components\libraries\strerror\nrf_strerror.c(115): error:  #20: identifier "ret_code_t" is undefined
  char const * nrf_strerror_get(ret_code_t code)
..\..\..\..\..\components\libraries\strerror\nrf_strerror.c(121): error:  #20: identifier "ret_code_t" is undefined
  char const * nrf_strerror_find(ret_code_t code)
..\..\..\..\..\components\libraries\strerror\nrf_strerror.c(131): error:  #20: identifier "ret_code_t" is undefined
          ret_code_t mid_c = p_mid->code;
..\..\..\..\..\components\libraries\strerror\nrf_strerror.c: 1 warning, 8 errors
compiling nrf_log_default_backends.c...
..\config\sdk_config.h(687): error:  #169: expected a declaration
..\config\sdk_config.h(687): error:  #10: "#" not expected here
..\..\..\..\..\components\libraries\util\sdk_errors.h(157): warning:  #12-D: parsing restarts here after previous syntax error
  typedef uint32_t ret_code_t;
..\..\..\..\..\components\libraries\util\app_error.h(107): error:  #20: identifier "ret_code_t" is undefined
  void app_error_handler_bare(ret_code_t error_code);
..\..\..\..\..\components\libraries\balloc\nrf_balloc.h(269): error:  #20: identifier "ret_code_t" is undefined
  ret_code_t nrf_balloc_init(nrf_balloc_t const * p_pool);
..\..\..\..\..\components\libraries\experimental_memobj\nrf_memobj.h(109): error:  #20: identifier "ret_code_t" is undefined
  ret_code_t nrf_memobj_pool_init(nrf_memobj_pool_t const * p_pool);
..\..\..\..\..\components\libraries\experimental_log\nrf_log_ctrl.h(130): error:  #20: identifier "ret_code_t" is undefined
  ret_code_t nrf_log_init(nrf_log_timestamp_func_t timestamp_func);
..\..\..\..\..\components\libraries\experimental_log\src\nrf_log_default_backends.c: 1 warning, 6 errors
compiling nrf_log_backend_rtt.c...
..\config\sdk_config.h(687): error:  #169: expected a declaration
..\config\sdk_config.h(687): error:  #10: "#" not expected here
..\..\..\..\..\components\libraries\util\sdk_errors.h(157): warning:  #12-D: parsing restarts here after previous syntax error
  typedef uint32_t ret_code_t;
..\..\..\..\..\components\libraries\experimental_log\src\nrf_log_backend_rtt.c: 1 warning, 2 errors
compiling nrf_log_backend_serial.c...
..\config\sdk_config.h(687): error:  #169: expected a declaration
..\config\sdk_config.h(687): error:  #10: "#" not expected here
..\..\..\..\..\components\libraries\util\sdk_errors.h(157): warning:  #12-D: parsing restarts here after previous syntax error
  typedef uint32_t ret_code_t;
..\..\..\..\..\components\libraries\util\app_error.h(107): error:  #20: identifier "ret_code_t" is undefined
  void app_error_handler_bare(ret_code_t error_code);
..\..\..\..\..\components\libraries\balloc\nrf_balloc.h(269): error:  #20: identifier "ret_code_t" is undefined
  ret_code_t nrf_balloc_init(nrf_balloc_t const * p_pool);
..\..\..\..\..\components\libraries\experimental_memobj\nrf_memobj.h(109): error:  #20: identifier "ret_code_t" is undefined
  ret_code_t nrf_memobj_pool_init(nrf_memobj_pool_t const * p_pool);
..\..\..\..\..\components\libraries\experimental_log\nrf_log_ctrl.h(130): error:  #20: identifier "ret_code_t" is undefined
  ret_code_t nrf_log_init(nrf_log_timestamp_func_t timestamp_func);
..\..\..\..\..\components\libraries\experimental_log\src\nrf_log_backend_serial.c: 1 warning, 6 errors
compiling nrf_dfu_svci.c...
..\config\sdk_config.h(687): error:  #169: expected a declaration
..\config\sdk_config.h(687): error:  #10: "#" not expected here
..\..\..\..\..\components\libraries\util\sdk_errors.h(157): warning:  #12-D: parsing restarts here after previous syntax error
  typedef uint32_t ret_code_t;
..\..\..\..\..\components\libraries\strerror\nrf_strerror.h(69): error:  #20: identifier "ret_code_t" is undefined
  char const * nrf_strerror_get(ret_code_t code);
..\..\..\..\..\components\libraries\strerror\nrf_strerror.h(81): error:  #20: identifier "ret_code_t" is undefined
  char const * nrf_strerror_find(ret_code_t code);
..\..\..\..\..\components\libraries\bootloader\dfu\nrf_dfu_svci.c: 1 warning, 4 errors
compiling nrf_log_str_formatter.c...
..\config\sdk_config.h(687): error:  #169: expected a declaration
..\config\sdk_config.h(687): error:  #10: "#" not expected here
..\..\..\..\..\components\libraries\util\sdk_errors.h(157): warning:  #12-D: parsing restarts here after previous syntax error
  typedef uint32_t ret_code_t;
..\..\..\..\..\components\libraries\util\app_error.h(107): error:  #20: identifier "ret_code_t" is undefined
  void app_error_handler_bare(ret_code_t error_code);
..\..\..\..\..\components\libraries\balloc\nrf_balloc.h(269): error:  #20: identifier "ret_code_t" is undefined
  ret_code_t nrf_balloc_init(nrf_balloc_t const * p_pool);
..\..\..\..\..\components\libraries\experimental_memobj\nrf_memobj.h(109): error:  #20: identifier "ret_code_t" is undefined
  ret_code_t nrf_memobj_pool_init(nrf_memobj_pool_t const * p_pool);
..\..\..\..\..\components\libraries\experimental_log\nrf_log_ctrl.h(130): error:  #20: identifier "ret_code_t" is undefined
  ret_code_t nrf_log_init(nrf_log_timestamp_func_t timestamp_func);
..\..\..\..\..\components\libraries\experimental_log\src\nrf_log_str_formatter.c: 1 warning, 6 errors
compiling nrf_log_frontend.c...
..\config\sdk_config.h(687): error:  #169: expected a declaration
..\config\sdk_config.h(687): error:  #10: "#" not expected here
..\..\..\..\..\components\libraries\util\sdk_errors.h(157): warning:  #12-D: parsing restarts here after previous syntax error
  typedef uint32_t ret_code_t;
..\..\..\..\..\components\libraries\util\app_error.h(107): error:  #20: identifier "ret_code_t" is undefined
  void app_error_handler_bare(ret_code_t error_code);
..\..\..\..\..\components\libraries\strerror\nrf_strerror.h(69): error:  #20: identifier "ret_code_t" is undefined
  char const * nrf_strerror_get(ret_code_t code);
..\..\..\..\..\components\libraries\strerror\nrf_strerror.h(81): error:  #20: identifier "ret_code_t" is undefined
  char const * nrf_strerror_find(ret_code_t code);
..\..\..\..\..\components\libraries\balloc\nrf_balloc.h(269): error:  #20: identifier "ret_code_t" is undefined
  ret_code_t nrf_balloc_init(nrf_balloc_t const * p_pool);
..\..\..\..\..\components\libraries\experimental_memobj\nrf_memobj.h(109): error:  #20: identifier "ret_code_t" is undefined
  ret_code_t nrf_memobj_pool_init(nrf_memobj_pool_t const * p_pool);
..\..\..\..\..\components\libraries\experimental_log\nrf_log_ctrl.h(130): error:  #20: identifier "ret_code_t" is undefined
  ret_code_t nrf_log_init(nrf_log_timestamp_func_t timestamp_func);
..\..\..\..\..\components\libraries\experimental_log\src\nrf_log_frontend.c(108): error:  #20: identifier "ret_code_t" is undefined
  ret_code_t nrf_log_init(nrf_log_timestamp_func_t timestamp_func)
..\..\..\..\..\components\libraries\experimental_log\src\nrf_log_frontend.c(126): error:  #20: identifier "ret_code_t" is undefined
      ret_code_t err_code = nrf_memobj_pool_init(&mempool);
..\..\..\..\..\components\libraries\experimental_log\src\nrf_log_frontend.c(178): error:  #20: identifier "ret_code_t" is undefined
  static ret_code_t module_idx_get(uint32_t * p_idx, bool ordered_idx)
..\..\..\..\..\components\libraries\experimental_log\src\nrf_log_frontend.c: 1 warning, 11 errors
compiling nrf_svc_handler.c...
..\config\sdk_config.h(687): error:  #169: expected a declaration
..\config\sdk_config.h(687): error:  #10: "#" not expected here
..\..\..\..\..\components\libraries\util\sdk_errors.h(157): warning:  #12-D: parsing restarts here after previous syntax error
  typedef uint32_t ret_code_t;
..\..\..\..\..\components\libraries\strerror\nrf_strerror.h(69): error:  #20: identifier "ret_code_t" is undefined
  char const * nrf_strerror_get(ret_code_t code);
..\..\..\..\..\components\libraries\strerror\nrf_strerror.h(81): error:  #20: identifier "ret_code_t" is undefined
  char const * nrf_strerror_find(ret_code_t code);
..\..\..\..\..\components\libraries\svc\nrf_svc_handler.c: 1 warning, 4 errors
compiling SEGGER_RTT.c...
..\config\sdk_config.h(687): error:  #169: expected a declaration
..\config\sdk_config.h(687): error:  #10: "#" not expected here
..\..\..\..\..\components\libraries\util\sdk_errors.h(157): warning:  #12-D: parsing restarts here after previous syntax error
  typedef uint32_t ret_code_t;
..\..\..\..\..\components\libraries\util\app_error.h(107): error:  #20: identifier "ret_code_t" is undefined
  void app_error_handler_bare(ret_code_t error_code);
..\..\..\..\..\external\segger_rtt\SEGGER_RTT.c: 1 warning, 3 errors
compiling nrf_dfu_svci_handler.c...
..\config\sdk_config.h(687): error:  #169: expected a declaration
..\config\sdk_config.h(687): error:  #10: "#" not expected here
..\..\..\..\..\components\libraries\util\sdk_errors.h(157): warning:  #12-D: parsing restarts here after previous syntax error
  typedef uint32_t ret_code_t;
..\..\..\..\..\components\libraries\util\app_error.h(107): error:  #20: identifier "ret_code_t" is undefined
  void app_error_handler_bare(ret_code_t error_code);
..\..\..\..\..\components\libraries\strerror\nrf_strerror.h(69): error:  #20: identifier "ret_code_t" is undefined
  char const * nrf_strerror_get(ret_code_t code);
..\..\..\..\..\components\libraries\strerror\nrf_strerror.h(81): error:  #20: identifier "ret_code_t" is undefined
  char const * nrf_strerror_find(ret_code_t code);
..\..\..\..\..\components\libraries\fstorage\nrf_fstorage.h(100): error:  #20: identifier "ret_code_t" is undefined
      ret_code_t              result;     //!< Result of the operation.
..\..\..\..\..\components\libraries\fstorage\nrf_fstorage.h(171): error:  #79: expected a type specifier
      ret_code_t (*init)(nrf_fstorage_t * p_fs, void * p_param);
..\..\..\..\..\components\libraries\fstorage\nrf_fstorage.h(171): error:  #90: function returning function is not allowed
      ret_code_t (*init)(nrf_fstorage_t * p_fs, void * p_param);
..\..\..\..\..\components\libraries\fstorage\nrf_fstorage.h(171): error:  #168: a function type is not allowed here
      ret_code_t (*init)(nrf_fstorage_t * p_fs, void * p_param);
..\..\..\..\..\components\libraries\fstorage\nrf_fstorage.h(173): error:  #79: expected a type specifier
      ret_code_t (*uninit)(nrf_fstorage_t * p_fs, void * p_param);
..\..\..\..\..\components\libraries\fstorage\nrf_fstorage.h(173): error:  #90: function returning function is not allowed
      ret_code_t (*uninit)(nrf_fstorage_t * p_fs, void * p_param);
..\..\..\..\..\components\libraries\fstorage\nrf_fstorage.h(173): error:  #168: a function type is not allowed here
      ret_code_t (*uninit)(nrf_fstorage_t * p_fs, void * p_param);
..\..\..\..\..\components\libraries\fstorage\nrf_fstorage.h(173): error:  #101: "ret_code_t" has already been declared in the current scope
      ret_code_t (*uninit)(nrf_fstorage_t * p_fs, void * p_param);
..\..\..\..\..\components\libraries\fstorage\nrf_fstorage.h(175): error:  #79: expected a type specifier
      ret_code_t (*read)(nrf_fstorage_t const * p_fs, uint32_t src, void * p_dest, uint32_t len);
..\..\..\..\..\components\libraries\fstorage\nrf_fstorage.h(175): error:  #90: function returning function is not allowed
      ret_code_t (*read)(nrf_fstorage_t const * p_fs, uint32_t src, void * p_dest, uint32_t len);
..\..\..\..\..\components\libraries\fstorage\nrf_fstorage.h(175): error:  #168: a function type is not allowed here
      ret_code_t (*read)(nrf_fstorage_t const * p_fs, uint32_t src, void * p_dest, uint32_t len);
..\..\..\..\..\components\libraries\fstorage\nrf_fstorage.h(175): error:  #101: "ret_code_t" has already been declared in the current scope
      ret_code_t (*read)(nrf_fstorage_t const * p_fs, uint32_t src, void * p_dest, uint32_t len);
..\..\..\..\..\components\libraries\fstorage\nrf_fstorage.h(177): error:  #79: expected a type specifier
      ret_code_t (*write)(nrf_fstorage_t const * p_fs, uint32_t dest, void const * p_src, uint32_t len, void * p_param);
..\..\..\..\..\components\libraries\fstorage\nrf_fstorage.h(177): error:  #90: function returning function is not allowed
      ret_code_t (*write)(nrf_fstorage_t const * p_fs, uint32_t dest, void const * p_src, uint32_t len, void * p_param);
..\..\..\..\..\components\libraries\fstorage\nrf_fstorage.h(177): error:  #168: a function type is not allowed here
      ret_code_t (*write)(nrf_fstorage_t const * p_fs, uint32_t dest, void const * p_src, uint32_t len, void * p_param);
..\..\..\..\..\components\libraries\fstorage\nrf_fstorage.h(177): error:  #101: "ret_code_t" has already been declared in the current scope
      ret_code_t (*write)(nrf_fstorage_t const * p_fs, uint32_t dest, void const * p_src, uint32_t len, void * p_param);
..\..\..\..\..\components\libraries\fstorage\nrf_fstorage.h(179): error:  #79: expected a type specifier
      ret_code_t (*erase)(nrf_fstorage_t const * p_fs, uint32_t addr, uint32_t len, void * p_param);
..\..\..\..\..\components\libraries\fstorage\nrf_fstorage.h(179): error:  #90: function returning function is not allowed
      ret_code_t (*erase)(nrf_fstorage_t const * p_fs, uint32_t addr, uint32_t len, void * p_param);
..\..\..\..\..\components\libraries\fstorage\nrf_fstorage.h(179): error:  #168: a function type is not allowed here
      ret_code_t (*erase)(nrf_fstorage_t const * p_fs, uint32_t addr, uint32_t len, void * p_param);
..\..\..\..\..\components\libraries\fstorage\nrf_fstorage.h(179): error:  #101: "ret_code_t" has already been declared in the current scope
      ret_code_t (*erase)(nrf_fstorage_t const * p_fs, uint32_t addr, uint32_t len, void * p_param);
..\..\..\..\..\components\libraries\fstorage\nrf_fstorage.h(199): error:  #20: identifier "ret_code_t" is undefined
  ret_code_t nrf_fstorage_init(nrf_fstorage_t     * p_fs,
..\..\..\..\..\components\libraries\fstorage\nrf_fstorage.h(214): error:  #20: identifier "ret_code_t" is undefined
  ret_code_t nrf_fstorage_uninit(nrf_fstorage_t * p_fs, void * p_param);
..\..\..\..\..\components\libraries\fstorage\nrf_fstorage.h(233): error:  #20: identifier "ret_code_t" is undefined
  ret_code_t nrf_fstorage_read(nrf_fstorage_t const * p_fs,
..\..\..\..\..\components\libraries\fstorage\nrf_fstorage.h(267): error:  #20: identifier "ret_code_t" is undefined
  ret_code_t nrf_fstorage_write(nrf_fstorage_t const * p_fs,
..\..\..\..\..\components\libraries\fstorage\nrf_fstorage.h(294): error:  #20: identifier "ret_code_t" is undefined
  ret_code_t nrf_fstorage_erase(nrf_fstorage_t const * p_fs,
..\..\..\..\..\components\libraries\bootloader\dfu\nrf_dfu_svci_handler.c: 1 warning, 30 errors
compiling SEGGER_RTT_Syscalls_KEIL.c...
..\config\sdk_config.h(687): error:  #169: expected a declaration
..\config\sdk_config.h(687): error:  #10: "#" not expected here
C:\Keil_v5\ARM\ARMCC\Bin\..\include\stdio.h(352): error:  #20: identifier "size_t" is undefined
                     int /*mode*/, size_t /*size*/) __attribute__((__nonnull__(1)));
C:\Keil_v5\ARM\ARMCC\Bin\..\include\stdio.h(435): error:  #20: identifier "size_t" is undefined
  extern _ARMABI int __ARM_snprintf(char * __restrict /*s*/, size_t /*n*/,
C:\Keil_v5\ARM\ARMCC\Bin\..\include\stdio.h(440): error:  #20: identifier "size_t" is undefined
  extern _ARMABI int snprintf(char * __restrict /*s*/, size_t /*n*/,
C:\Keil_v5\ARM\ARMCC\Bin\..\include\stdio.h(461): error:  #20: identifier "size_t" is undefined
  extern _ARMABI int _snprintf(char * __restrict /*s*/, size_t /*n*/,
C:\Keil_v5\ARM\ARMCC\Bin\..\include\stdio.h(594): error:  #20: identifier "size_t" is undefined
  extern _ARMABI int __ARM_vsnprintf(char * __restrict /*s*/, size_t /*n*/,
C:\Keil_v5\ARM\ARMCC\Bin\..\include\stdio.h(597): error:  #20: identifier "size_t" is undefined
  extern _ARMABI int vsnprintf(char * __restrict /*s*/, size_t /*n*/,
C:\Keil_v5\ARM\ARMCC\Bin\..\include\stdio.h(623): error:  #20: identifier "size_t" is undefined
  extern _ARMABI int _vsnprintf(char * __restrict /*s*/, size_t /*n*/,
C:\Keil_v5\ARM\ARMCC\Bin\..\include\stdio.h(778): error:  #20: identifier "size_t" is undefined
  extern _ARMABI size_t fread(void * __restrict /*ptr*/,
C:\Keil_v5\ARM\ARMCC\Bin\..\include\stdio.h(779): error:  #20: identifier "size_t" is undefined
                      size_t /*size*/, size_t /*nmemb*/, FILE * __restrict /*stream*/) __attribute__((__nonnull__(1,4)));
C:\Keil_v5\ARM\ARMCC\Bin\..\include\stdio.h(779): error:  #20: identifier "size_t" is undefined
                      size_t /*size*/, size_t /*nmemb*/, FILE * __restrict /*stream*/) __attribute__((__nonnull__(1,4)));
C:\Keil_v5\ARM\ARMCC\Bin\..\include\stdio.h(794): error:  #20: identifier "size_t" is undefined
  extern _ARMABI size_t __fread_bytes_avail(void * __restrict /*ptr*/,
C:\Keil_v5\ARM\ARMCC\Bin\..\include\stdio.h(795): error:  #20: identifier "size_t" is undefined
                      size_t /*count*/, FILE * __restrict /*stream*/) __attribute__((__nonnull__(1,3)));
C:\Keil_v5\ARM\ARMCC\Bin\..\include\stdio.h(810): error:  #20: identifier "size_t" is undefined
  extern _ARMABI size_t fwrite(const void * __restrict /*ptr*/,
C:\Keil_v5\ARM\ARMCC\Bin\..\include\stdio.h(811): error:  #20: identifier "size_t" is undefined
                      size_t /*size*/, size_t /*nmemb*/, FILE * __restrict /*stream*/) __attribute__((__nonnull__(1,4)));
C:\Keil_v5\ARM\ARMCC\Bin\..\include\stdio.h(811): error:  #20: identifier "size_t" is undefined
                      size_t /*size*/, size_t /*nmemb*/, FILE * __restrict /*stream*/) __attribute__((__nonnull__(1,4)));
..\..\..\..\..\external\segger_rtt\SEGGER_RTT_Syscalls_KEIL.c: 0 warnings, 17 errors
compiling SEGGER_RTT_printf.c...
..\config\sdk_config.h(687): error:  #169: expected a declaration
..\config\sdk_config.h(687): error:  #10: "#" not expected here
..\..\..\..\..\components\libraries\util\sdk_errors.h(157): warning:  #12-D: parsing restarts here after previous syntax error
  typedef uint32_t ret_code_t;
..\..\..\..\..\components\libraries\util\app_error.h(107): error:  #20: identifier "ret_code_t" is undefined
  void app_error_handler_bare(ret_code_t error_code);
..\..\..\..\..\external\segger_rtt\SEGGER_RTT_printf.c: 1 warning, 3 errors
compiling nrf_sdh.c...
..\config\sdk_config.h(687): error:  #169: expected a declaration
..\config\sdk_config.h(687): error:  #10: "#" not expected here
..\..\..\..\..\components\libraries\util\sdk_errors.h(157): warning:  #12-D: parsing restarts here after previous syntax error
  typedef uint32_t ret_code_t;
..\..\..\..\..\components\libraries\util\app_error.h(107): error:  #20: identifier "ret_code_t" is undefined
  void app_error_handler_bare(ret_code_t error_code);
..\..\..\..\..\components\softdevice\common\nrf_sdh.h(230): error:  #20: identifier "ret_code_t" is undefined
  ret_code_t nrf_sdh_enable_request(void);
..\..\..\..\..\components\softdevice\common\nrf_sdh.h(245): error:  #20: identifier "ret_code_t" is undefined
  ret_code_t nrf_sdh_disable_request(void);
..\..\..\..\..\components\softdevice\common\nrf_sdh.h(257): error:  #20: identifier "ret_code_t" is undefined
  ret_code_t nrf_sdh_request_continue(void);
..\..\..\..\..\components\libraries\strerror\nrf_strerror.h(69): error:  #20: identifier "ret_code_t" is undefined
  char const * nrf_strerror_get(ret_code_t code);
..\..\..\..\..\components\libraries\strerror\nrf_strerror.h(81): error:  #20: identifier "ret_code_t" is undefined
  char const * nrf_strerror_find(ret_code_t code);
..\..\..\..\..\components\softdevice\common\nrf_sdh.c(93): error:  #20: identifier "ret_code_t" is undefined
  static ret_code_t sdh_request_observer_notify(nrf_sdh_req_evt_t req)
..\..\..\..\..\components\softdevice\common\nrf_sdh.c(152): error:  #20: identifier "ret_code_t" is undefined
      ret_code_t ret_code = sd_nvic_EnableIRQ((IRQn_Type)SD_EVT_IRQn);
..\..\..\..\..\components\softdevice\common\nrf_sdh.c(164): error:  #20: identifier "ret_code_t" is undefined
      ret_code_t ret_code = sd_nvic_DisableIRQ((IRQn_Type)SD_EVT_IRQn);
..\..\..\..\..\components\softdevice\common\nrf_sdh.c(182): error:  #20: identifier "ret_code_t" is undefined
      ret_code_t ret_code;
..\..\..\..\..\components\softdevice\common\nrf_sdh.c(196): error:  #20: identifier "ret_code_t" is undefined
  ret_code_t nrf_sdh_enable_request(void)
..\..\..\..\..\components\softdevice\common\nrf_sdh.c(198): error:  #20: identifier "ret_code_t" is undefined
      ret_code_t ret_code;
..\..\..\..\..\components\softdevice\common\nrf_sdh.c(261): error:  #20: identifier "ret_code_t" is undefined
  ret_code_t nrf_sdh_disable_request(void)
..\..\..\..\..\components\softdevice\common\nrf_sdh.c(263): error:  #20: identifier "ret_code_t" is undefined
      ret_code_t ret_code;
..\..\..\..\..\components\softdevice\common\nrf_sdh.c(300): error:  #20: identifier "ret_code_t" is undefined
  ret_code_t nrf_sdh_request_continue(void)
..\..\..\..\..\components\softdevice\common\nrf_sdh.c(345): error:  #20: identifier "ret_code_t" is undefined
      ret_code_t ret_code = sd_nvic_SetPendingIRQ((IRQn_Type)SD_EVT_IRQn);
..\..\..\..\..\components\softdevice\common\nrf_sdh.c(410): error:  #20: identifier "ret_code_t" is undefined
      ret_code_t ret_code = app_sched_event_put(NULL, 0, appsh_events_poll);
..\..\..\..\..\components\softdevice\common\nrf_sdh.c: 1 warning, 19 errors
compiling pb_common.c...
compiling nrf_sdh_soc.c...
..\config\sdk_config.h(687): error:  #169: expected a declaration
..\config\sdk_config.h(687): error:  #10: "#" not expected here
..\..\..\..\..\components\libraries\util\sdk_errors.h(157): warning:  #12-D: parsing restarts here after previous syntax error
  typedef uint32_t ret_code_t;
..\..\..\..\..\components\libraries\util\app_error.h(107): error:  #20: identifier "ret_code_t" is undefined
  void app_error_handler_bare(ret_code_t error_code);
..\..\..\..\..\components\softdevice\common\nrf_sdh.h(230): error:  #20: identifier "ret_code_t" is undefined
  ret_code_t nrf_sdh_enable_request(void);
..\..\..\..\..\components\softdevice\common\nrf_sdh.h(245): error:  #20: identifier "ret_code_t" is undefined
  ret_code_t nrf_sdh_disable_request(void);
..\..\..\..\..\components\softdevice\common\nrf_sdh.h(257): error:  #20: identifier "ret_code_t" is undefined
  ret_code_t nrf_sdh_request_continue(void);
..\..\..\..\..\components\libraries\strerror\nrf_strerror.h(69): error:  #20: identifier "ret_code_t" is undefined
  char const * nrf_strerror_get(ret_code_t code);
..\..\..\..\..\components\libraries\strerror\nrf_strerror.h(81): error:  #20: identifier "ret_code_t" is undefined
  char const * nrf_strerror_find(ret_code_t code);
..\..\..\..\..\components\softdevice\common\nrf_sdh_soc.c(73): error:  #20: identifier "ret_code_t" is undefined
      ret_code_t ret_code;
..\..\..\..\..\components\softdevice\common\nrf_sdh_soc.c: 1 warning, 9 errors
compiling nrf_sdh_ble.c...
..\config\sdk_config.h(687): error:  #169: expected a declaration
..\config\sdk_config.h(687): error:  #10: "#" not expected here
..\..\..\..\..\components\libraries\util\sdk_errors.h(157): warning:  #12-D: parsing restarts here after previous syntax error
  typedef uint32_t ret_code_t;
..\..\..\..\..\components\libraries\util\app_error.h(107): error:  #20: identifier "ret_code_t" is undefined
  void app_error_handler_bare(ret_code_t error_code);
..\..\..\..\..\components\softdevice\common\nrf_sdh_ble.h(154): error:  #20: identifier "ret_code_t" is undefined
  ret_code_t nrf_sdh_ble_app_ram_start_get(uint32_t * p_app_ram_start);
..\..\..\..\..\components\softdevice\common\nrf_sdh_ble.h(171): error:  #20: identifier "ret_code_t" is undefined
  ret_code_t nrf_sdh_ble_default_cfg_set(uint8_t conn_cfg_tag, uint32_t * p_ram_start);
..\..\..\..\..\components\softdevice\common\nrf_sdh_ble.h(178): error:  #20: identifier "ret_code_t" is undefined
  ret_code_t nrf_sdh_ble_enable(uint32_t * p_app_ram_start);
..\..\..\..\..\components\softdevice\common\nrf_sdh.h(230): error:  #20: identifier "ret_code_t" is undefined
  ret_code_t nrf_sdh_enable_request(void);
..\..\..\..\..\components\softdevice\common\nrf_sdh.h(245): error:  #20: identifier "ret_code_t" is undefined
  ret_code_t nrf_sdh_disable_request(void);
..\..\..\..\..\components\softdevice\common\nrf_sdh.h(257): error:  #20: identifier "ret_code_t" is undefined
  ret_code_t nrf_sdh_request_continue(void);
..\..\..\..\..\components\libraries\strerror\nrf_strerror.h(69): error:  #20: identifier "ret_code_t" is undefined
  char const * nrf_strerror_get(ret_code_t code);
..\..\..\..\..\components\libraries\strerror\nrf_strerror.h(81): error:  #20: identifier "ret_code_t" is undefined
  char const * nrf_strerror_find(ret_code_t code);
..\..\..\..\..\components\softdevice\common\nrf_sdh_ble.c(87): error:  #20: identifier "ret_code_t" is undefined
  ret_code_t nrf_sdh_ble_app_ram_start_get(uint32_t * p_app_ram_start)
..\..\..\..\..\components\softdevice\common\nrf_sdh_ble.c(100): error:  #20: identifier "ret_code_t" is undefined
  ret_code_t nrf_sdh_ble_default_cfg_set(uint8_t conn_cfg_tag, uint32_t * p_ram_start)
..\..\..\..\..\components\softdevice\common\nrf_sdh_ble.c(218): error:  #20: identifier "ret_code_t" is undefined
  ret_code_t nrf_sdh_ble_enable(uint32_t * const p_app_ram_start)
..\..\..\..\..\components\softdevice\common\nrf_sdh_ble.c(225): error:  #20: identifier "ret_code_t" is undefined
      ret_code_t ret_code = sd_ble_enable(p_app_ram_start);
..\..\..\..\..\components\softdevice\common\nrf_sdh_ble.c(250): error:  #20: identifier "ret_code_t" is undefined
      ret_code_t ret_code;
..\..\..\..\..\components\softdevice\common\nrf_sdh_ble.c: 1 warning, 16 errors
compiling pb_decode.c...
assembling arm_startup_nrf52.s...
compiling system_nrf52.c...
".\_build\nrf52832_xxaa_s132.axf" - 603 Error(s), 68 Warning(s).

<h2>Software Packages used:</h2>

Package Vendor: ARM
                http://www.keil.com/pack/ARM.CMSIS.4.5.0.pack
                ARM.CMSIS.4.5.0
                CMSIS (Cortex Microcontroller Software Interface Standard)
   * Component: CORE Version: 4.3.0

Package Vendor: NordicSemiconductor
                http://developer.nordicsemi.com/nRF5_SDK/pieces/nRF_DeviceFamilyPack/NordicSemiconductor.nRF_DeviceFamilyPack.8.15.0.pack
                NordicSemiconductor.nRF_DeviceFamilyPack.8.15.0
                Nordic Semiconductor nRF ARM devices Device Family Pack.
   * Component: Startup Version: 8.15.0

<h2>Collection of Component include folders:</h2>
  .\RTE\_nrf52832_xxaa_s132
  C:\Users\Stefano\AppData\Local\Arm\Packs\ARM\CMSIS\4.5.0\CMSIS\Include
  C:\Users\Stefano\AppData\Local\Arm\Packs\NordicSemiconductor\nRF_DeviceFamilyPack\8.15.0\Device\Include

<h2>Collection of Component Files used:</h2>

   * Component: ARM::CMSIS:CORE:4.3.0

   * Component: NordicSemiconductor::Device:Startup:8.15.0
      Source file:   Device\Source\arm\arm_startup_nrf52.s
      Include file:  Device\Include\system_nrf52.h
      Source file:   Device\Source\system_nrf52.c
Target not created.
Build Time Elapsed:  00:00:24
</pre>
</body>
</html>
